<?xml version="1.0" encoding="utf-8"?>
<shfbBuild product="Sandcastle Help File Builder" version="2015.1.12.0" projectFile="C:\Users\Hdsp\Dropbox\CodigosPetroleos\InterfazVisualCris\RockStatic\RockStatic\docRock.shfbproj" started="29/08/2016 02:37:38 p.m.">
<buildStep step="Initializing">
Finding tools...
The Sandcastle tools are located in &#39;C:\Program Files (x86)\EWSoftware\Sandcastle Help File Builder\&#39;
Searching for HTML Help 1 compiler...
Found HTML Help 1 compiler in &#39;C:\Program Files (x86)\HTML Help Workshop\&#39;
Locating components in the following folder(s):
   C:\Users\Hdsp\Dropbox\CodigosPetroleos\InterfazVisualCris\RockStatic\RockStatic
Using presentation style &#39;VS2013&#39; located in &#39;C:\Program Files (x86)\EWSoftware\Sandcastle Help File Builder\PresentationStyles\VS2013&#39;
Loading and initializing plug-ins...
Lightweight Website Style Version 2015.1.12.0
Copyright &#169; 2006-2015, Eric Woodruff, All Rights Reserved
Portions Copyright &#169; 2014, Sam Harwell, All Rights Reserved
</buildStep>
<buildStep step="ClearWorkFolder">
Clearing working folder...
</buildStep>
<buildStep step="ValidatingDocumentationSources">
Validating and copying documentation source information
Source: C:\Users\Hdsp\Dropbox\CodigosPetroleos\InterfazVisualCris\RockStatic\RockStatic\bin\Release\RockStatic.exe
    Found assembly &#39;C:\Users\Hdsp\Dropbox\CodigosPetroleos\InterfazVisualCris\RockStatic\RockStatic\bin\Release\RockStatic.exe&#39;
Source: C:\Users\Hdsp\Dropbox\CodigosPetroleos\InterfazVisualCris\RockStatic\RockStatic\bin\Release\RockStatic.XML

Copying XML comments files
    C:\Users\Hdsp\Dropbox\CodigosPetroleos\InterfazVisualCris\RockStatic\RockStatic\bin\Release\RockStatic.XML -&gt; C:\Users\Hdsp\Dropbox\CodigosPetroleos\InterfazVisualCris\RockStatic\RockStatic\Help\Working\RockStatic.XML
</buildStep>
<buildStep step="GenerateSharedContent">
Generating shared content files (es-ES, Espa&#241;ol (Espa&#241;a))...
SHFB: Warning BE0003: Sandcastle shared content for the &#39;es-ES, Espa&#241;ol (Espa&#241;a)&#39; language could not be found.  Using &#39;en-US, English (US)&#39; defaults.
<plugIn name="Lightweight Website Style" behavior="After" priority="1000">
</plugIn>    Last step completed in 00:00:00.1100
</buildStep>
<buildStep step="GenerateApiFilter">
Generating API filter for MRefBuilder...
    Last step completed in 00:00:00.0070
</buildStep>
<buildStep step="GenerateReflectionInfo">
Generating reflection information...
[C:\Windows\Microsoft.NET\Framework64\v4.0.30319\MSBuild.exe]
Compilaci&#162;n iniciada a las 29/08/2016 02:37:43 p.m..
Proyecto &quot;C:\Users\Hdsp\Dropbox\CodigosPetroleos\InterfazVisualCris\RockStatic\RockStatic\Help\Working\GenerateRefInfo.proj&quot; en nodo 1 (destinos predeterminados).
PrepareForBuild:
  Creando directorio &quot;obj\Debug\&quot;.
GenerateRefInfo:
  MRefBuilder (v2015.1.12.0)
  Copyright &#184; 2006-2015, Microsoft Corporation, All Rights Reserved.
  Portions Copyright &#184; 2006-2014, Eric Woodruff, All Rights Reserved.
  Loaded 1 assemblies for reflection and 1 dependency assemblies.
  Wrote information on 1 namespaces, 32 types, and 324 members
  Copiando el archivo de &quot;reflection.org&quot; en &quot;reflection.all&quot;.
  XslTransform (v2015.1.12.0)
  Copyright &#184; 2006-2015, Microsoft Corporation, All Rights Reserved.
  Portions Copyright &#184; 2006-2014, Eric Woodruff, All Rights Reserved.
  Applying XSL transformation &#39;C:\Program Files (x86)\EWSoftware\Sandcastle Help File Builder\ProductionTransforms\MergeDuplicates.xsl&#39;.
Compilaci&#162;n del proyecto terminada &quot;C:\Users\Hdsp\Dropbox\CodigosPetroleos\InterfazVisualCris\RockStatic\RockStatic\Help\Working\GenerateRefInfo.proj&quot; (destinos predeterminados).

Compilaci&#162;n correcta.

Tiempo transcurrido 00:00:03.43
    Last step completed in 00:00:04.8123
</buildStep>
<buildStep step="TransformReflectionInfo">
Transforming reflection output...
[C:\Windows\Microsoft.NET\Framework64\v4.0.30319\MSBuild.exe]
Compilaci&#162;n iniciada a las 29/08/2016 02:37:47 p.m..
Proyecto &quot;C:\Users\Hdsp\Dropbox\CodigosPetroleos\InterfazVisualCris\RockStatic\RockStatic\Help\Working\TransformManifest.proj&quot; en nodo 1 (destinos predeterminados).
TransformManifest:
  XslTransform (v2015.1.12.0)
  Copyright &#184; 2006-2015, Microsoft Corporation, All Rights Reserved.
  Portions Copyright &#184; 2006-2014, Eric Woodruff, All Rights Reserved.
  Applying XSL transformation &#39;C:\Program Files (x86)\EWSoftware\Sandcastle Help File Builder\\ProductionTransforms\ApplyVSDocModel.xsl&#39;.
  Copiando el archivo de &quot;reflection.xml&quot; en &quot;reflection.nofilenames&quot;.
  XslTransform (v2015.1.12.0)
  Copyright &#184; 2006-2015, Microsoft Corporation, All Rights Reserved.
  Portions Copyright &#184; 2006-2014, Eric Woodruff, All Rights Reserved.
  Applying XSL transformation &#39;C:\Program Files (x86)\EWSoftware\Sandcastle Help File Builder\ProductionTransforms\AddFilenames.xsl&#39;.
  XslTransform (v2015.1.12.0)
  Copyright &#184; 2006-2015, Microsoft Corporation, All Rights Reserved.
  Portions Copyright &#184; 2006-2014, Eric Woodruff, All Rights Reserved.
  Applying XSL transformation &#39;C:\Program Files (x86)\EWSoftware\Sandcastle Help File Builder\ProductionTransforms\ReflectionToManifest.xsl&#39;.
Compilaci&#162;n del proyecto terminada &quot;C:\Users\Hdsp\Dropbox\CodigosPetroleos\InterfazVisualCris\RockStatic\RockStatic\Help\Working\TransformManifest.proj&quot; (destinos predeterminados).

Compilaci&#162;n correcta.

Tiempo transcurrido 00:00:05.11
    Last step completed in 00:00:06.0293
</buildStep>
<buildStep step="GenerateNamespaceSummaries">
Generating namespace summary information...
    Last step completed in 00:00:00.1180
</buildStep>
<buildStep step="CopyAdditionalContent">
Copying additional content files...
No additional content to copy
    Last step completed in 00:00:00.0060
</buildStep>
<buildStep step="MergeTablesOfContents">
Merging conceptual and additional tables of contents...
    Last step completed in 00:00:00.0020
</buildStep>
<buildStep step="GenerateIntermediateTableOfContents">
Generating intermediate table of contents file...
[C:\Windows\Microsoft.NET\Framework64\v4.0.30319\MSBuild.exe]
Compilaci&#162;n iniciada a las 29/08/2016 02:37:53 p.m..
Proyecto &quot;C:\Users\Hdsp\Dropbox\CodigosPetroleos\InterfazVisualCris\RockStatic\RockStatic\Help\Working\GenerateIntermediateTOC.proj&quot; en nodo 1 (destinos predeterminados).
GenerateIntermediateTOC:
  XslTransform (v2015.1.12.0)
  Copyright &#184; 2006-2015, Microsoft Corporation, All Rights Reserved.
  Portions Copyright &#184; 2006-2014, Eric Woodruff, All Rights Reserved.
  Applying XSL transformation &#39;C:\Program Files (x86)\EWSoftware\Sandcastle Help File Builder\\ProductionTransforms\CreateVSToc.xsl&#39;.
Compilaci&#162;n del proyecto terminada &quot;C:\Users\Hdsp\Dropbox\CodigosPetroleos\InterfazVisualCris\RockStatic\RockStatic\Help\Working\GenerateIntermediateTOC.proj&quot; (destinos predeterminados).

Compilaci&#162;n correcta.

Tiempo transcurrido 00:00:00.72
Generating conceptual content intermediate TOC file...
    Last step completed in 00:00:01.0361
</buildStep>
<buildStep step="CreateBuildAssemblerConfigs">
Creating Sandcastle configuration files...
    sandcastle.config
    Last step completed in 00:00:03.3722
</buildStep>
<buildStep step="MergeCustomConfigs">
Merging custom build component configurations
C:\Users\Hdsp\Dropbox\CodigosPetroleos\InterfazVisualCris\RockStatic\RockStatic\Help\Working\sandcastle.config
    Last step completed in 00:00:00.0620
</buildStep>
<buildStep step="BuildReferenceTopics">
Building reference help topics...
[C:\Windows\Microsoft.NET\Framework64\v4.0.30319\MSBuild.exe]
Compilaci&#162;n iniciada a las 29/08/2016 02:37:58 p.m..
Proyecto &quot;C:\Users\Hdsp\Dropbox\CodigosPetroleos\InterfazVisualCris\RockStatic\RockStatic\Help\Working\BuildReferenceTopics.proj&quot; en nodo 1 (destinos predeterminados).
BuildReferenceTopics:
  BuildAssembler (v2015.1.12.0)
  Copyright &#184; 2006-2015, Microsoft Corporation, All Rights Reserved.
  Portions Copyright &#184; 2006-2014, Eric Woodruff, All Rights Reserved.
  Loading configuration...
  Processing topics...
BuildAssembler : warning : ShowMissingComponent: [N:RockStatic] Missing &lt;summary&gt; documentation [C:\Users\Hdsp\Dropbox\CodigosPetroleos\InterfazVisualCris\RockStatic\RockStatic\Help\Working\BuildReferenceTopics.proj]
BuildAssembler : warning : ShowMissingComponent: [T:RockStatic.AboutForm] Missing &lt;summary&gt; documentation [C:\Users\Hdsp\Dropbox\CodigosPetroleos\InterfazVisualCris\RockStatic\RockStatic\Help\Working\BuildReferenceTopics.proj]
BuildAssembler : warning : ShowMissingComponent: [F:RockStatic.AboutForm.padre] Missing &lt;summary&gt; documentation [C:\Users\Hdsp\Dropbox\CodigosPetroleos\InterfazVisualCris\RockStatic\RockStatic\Help\Working\BuildReferenceTopics.proj]
BuildAssembler : warning : ShowMissingComponent: [M:RockStatic.AuxThread.CreateBitmap] Missing &lt;returns&gt; documentation [C:\Users\Hdsp\Dropbox\CodigosPetroleos\InterfazVisualCris\RockStatic\RockStatic\Help\Working\BuildReferenceTopics.proj]
BuildAssembler : warning : ShowMissingComponent: [M:RockStatic.AuxThread.CreateBitmapCorte] Missing &lt;returns&gt; documentation [C:\Users\Hdsp\Dropbox\CodigosPetroleos\InterfazVisualCris\RockStatic\RockStatic\Help\Working\BuildReferenceTopics.proj]
BuildAssembler : warning : ShowMissingComponent: [M:RockStatic.AuxThread.SegmentarCircular] Missing &lt;returns&gt; documentation [C:\Users\Hdsp\Dropbox\CodigosPetroleos\InterfazVisualCris\RockStatic\RockStatic\Help\Working\BuildReferenceTopics.proj]
BuildAssembler : warning : ShowMissingComponent: [M:RockStatic.AuxThread.ThreadCrearBitmap(System.Object)] Missing &lt;param name=&quot;threadContext&quot;/&gt; documentation [C:\Users\Hdsp\Dropbox\CodigosPetroleos\InterfazVisualCris\RockStatic\RockStatic\Help\Working\BuildReferenceTopics.proj]
BuildAssembler : warning : ShowMissingComponent: [M:RockStatic.AuxThread.ThreadCrearBitmapCorte(System.Object)] Missing &lt;param name=&quot;threadContext&quot;/&gt; documentation [C:\Users\Hdsp\Dropbox\CodigosPetroleos\InterfazVisualCris\RockStatic\RockStatic\Help\Working\BuildReferenceTopics.proj]
BuildAssembler : warning : ShowMissingComponent: [M:RockStatic.AuxThread.ThreadSegmentar(System.Object)] Missing &lt;param name=&quot;threadContext&quot;/&gt; documentation [C:\Users\Hdsp\Dropbox\CodigosPetroleos\InterfazVisualCris\RockStatic\RockStatic\Help\Working\BuildReferenceTopics.proj]
BuildAssembler : warning : ShowMissingComponent: [M:RockStatic.CAreaInteres.#ctor(RockStatic.CAreaInteres)] Missing &lt;param name=&quot;area&quot;/&gt; documentation [C:\Users\Hdsp\Dropbox\CodigosPetroleos\InterfazVisualCris\RockStatic\RockStatic\Help\Working\BuildReferenceTopics.proj]
BuildAssembler : warning : ShowMissingComponent: [M:RockStatic.CAreaInteres.#ctor(System.Int32,System.Int32,System.Int32,System.String,System.Int32,System.Int32)] Missing &lt;param name=&quot;_x&quot;/&gt; documentation [C:\Users\Hdsp\Dropbox\CodigosPetroleos\InterfazVisualCris\RockStatic\RockStatic\Help\Working\BuildReferenceTopics.proj]
BuildAssembler : warning : ShowMissingComponent: [M:RockStatic.CAreaInteres.#ctor(System.Int32,System.Int32,System.Int32,System.String,System.Int32,System.Int32)] Missing &lt;param name=&quot;_y&quot;/&gt; documentation [C:\Users\Hdsp\Dropbox\CodigosPetroleos\InterfazVisualCris\RockStatic\RockStatic\Help\Working\BuildReferenceTopics.proj]
BuildAssembler : warning : ShowMissingComponent: [M:RockStatic.CAreaInteres.#ctor(System.Int32,System.Int32,System.Int32,System.String,System.Int32,System.Int32)] Missing &lt;param name=&quot;_width&quot;/&gt; documentation [C:\Users\Hdsp\Dropbox\CodigosPetroleos\InterfazVisualCris\RockStatic\RockStatic\Help\Working\BuildReferenceTopics.proj]
BuildAssembler : warning : ShowMissingComponent: [M:RockStatic.CAreaInteres.#ctor(System.Int32,System.Int32,System.Int32,System.String,System.Int32,System.Int32)] Missing &lt;param name=&quot;_nombre&quot;/&gt; documentation [C:\Users\Hdsp\Dropbox\CodigosPetroleos\InterfazVisualCris\RockStatic\RockStatic\Help\Working\BuildReferenceTopics.proj]
BuildAssembler : warning : ShowMissingComponent: [M:RockStatic.CAreaInteres.#ctor(System.Int32,System.Int32,System.Int32,System.String,System.Int32,System.Int32)] Missing &lt;param name=&quot;_ini&quot;/&gt; documentation [C:\Users\Hdsp\Dropbox\CodigosPetroleos\InterfazVisualCris\RockStatic\RockStatic\Help\Working\BuildReferenceTopics.proj]
BuildAssembler : warning : ShowMissingComponent: [M:RockStatic.CAreaInteres.#ctor(System.Int32,System.Int32,System.Int32,System.String,System.Int32,System.Int32)] Missing &lt;param name=&quot;_fin&quot;/&gt; documentation [C:\Users\Hdsp\Dropbox\CodigosPetroleos\InterfazVisualCris\RockStatic\RockStatic\Help\Working\BuildReferenceTopics.proj]
BuildAssembler : warning : ShowMissingComponent: [M:RockStatic.CCuadrado.#ctor(System.Int32,System.Int32,System.Int32)] Missing &lt;param name=&quot;inW&quot;/&gt; documentation [C:\Users\Hdsp\Dropbox\CodigosPetroleos\InterfazVisualCris\RockStatic\RockStatic\Help\Working\BuildReferenceTopics.proj]
BuildAssembler : warning : ShowMissingComponent: [M:RockStatic.CheckForm.btnCancelar_Click(System.Object,System.EventArgs)] Missing &lt;param name=&quot;sender&quot;/&gt; documentation [C:\Users\Hdsp\Dropbox\CodigosPetroleos\InterfazVisualCris\RockStatic\RockStatic\Help\Working\BuildReferenceTopics.proj]
BuildAssembler : warning : ShowMissingComponent: [M:RockStatic.CheckForm.btnCancelar_Click(System.Object,System.EventArgs)] Missing &lt;param name=&quot;e&quot;/&gt; documentation [C:\Users\Hdsp\Dropbox\CodigosPetroleos\InterfazVisualCris\RockStatic\RockStatic\Help\Working\BuildReferenceTopics.proj]
BuildAssembler : warning : ShowMissingComponent: [M:RockStatic.CheckForm.btnCerrar_Click(System.Object,System.EventArgs)] Missing &lt;summary&gt; documentation [C:\Users\Hdsp\Dropbox\CodigosPetroleos\InterfazVisualCris\RockStatic\RockStatic\Help\Working\BuildReferenceTopics.proj]
BuildAssembler : warning : ShowMissingComponent: [M:RockStatic.CheckForm.btnCerrar_Click(System.Object,System.EventArgs)] Missing &lt;param name=&quot;sender&quot;/&gt; documentation [C:\Users\Hdsp\Dropbox\CodigosPetroleos\InterfazVisualCris\RockStatic\RockStatic\Help\Working\BuildReferenceTopics.proj]
BuildAssembler : warning : ShowMissingComponent: [M:RockStatic.CheckForm.btnCerrar_Click(System.Object,System.EventArgs)] Missing &lt;param name=&quot;e&quot;/&gt; documentation [C:\Users\Hdsp\Dropbox\CodigosPetroleos\InterfazVisualCris\RockStatic\RockStatic\Help\Working\BuildReferenceTopics.proj]
BuildAssembler : warning : ShowMissingComponent: [F:RockStatic.CheckForm.lblTitulo] Missing &lt;summary&gt; documentation [C:\Users\Hdsp\Dropbox\CodigosPetroleos\InterfazVisualCris\RockStatic\RockStatic\Help\Working\BuildReferenceTopics.proj]
BuildAssembler : warning : ShowMissingComponent: [M:RockStatic.CheckForm.SetList(System.Collections.Generic.List{System.String})] Missing &lt;param name=&quot;lista&quot;/&gt; documentation [C:\Users\Hdsp\Dropbox\CodigosPetroleos\InterfazVisualCris\RockStatic\RockStatic\Help\Working\BuildReferenceTopics.proj]
BuildAssembler : warning : ShowMissingComponent: [M:RockStatic.CLockBitmap.#ctor(System.Drawing.Bitmap)] Missing &lt;param name=&quot;source&quot;/&gt; documentation [C:\Users\Hdsp\Dropbox\CodigosPetroleos\InterfazVisualCris\RockStatic\RockStatic\Help\Working\BuildReferenceTopics.proj]
BuildAssembler : warning : ShowMissingComponent: [P:RockStatic.CLockBitmap.Depth] Missing &lt;summary&gt; documentation [C:\Users\Hdsp\Dropbox\CodigosPetroleos\InterfazVisualCris\RockStatic\RockStatic\Help\Working\BuildReferenceTopics.proj]
BuildAssembler : warning : ShowMissingComponent: [M:RockStatic.CLockBitmap.GetPixel(System.Int32,System.Int32)] Missing &lt;returns&gt; documentation [C:\Users\Hdsp\Dropbox\CodigosPetroleos\InterfazVisualCris\RockStatic\RockStatic\Help\Working\BuildReferenceTopics.proj]
BuildAssembler : warning : ShowMissingComponent: [M:RockStatic.CLockBitmap.GetPixel(System.Int32,System.Int32)] Missing &lt;param name=&quot;x&quot;/&gt; documentation [C:\Users\Hdsp\Dropbox\CodigosPetroleos\InterfazVisualCris\RockStatic\RockStatic\Help\Working\BuildReferenceTopics.proj]
BuildAssembler : warning : ShowMissingComponent: [M:RockStatic.CLockBitmap.GetPixel(System.Int32,System.Int32)] Missing &lt;param name=&quot;y&quot;/&gt; documentation [C:\Users\Hdsp\Dropbox\CodigosPetroleos\InterfazVisualCris\RockStatic\RockStatic\Help\Working\BuildReferenceTopics.proj]
BuildAssembler : warning : ShowMissingComponent: [P:RockStatic.CLockBitmap.Height] Missing &lt;summary&gt; documentation [C:\Users\Hdsp\Dropbox\CodigosPetroleos\InterfazVisualCris\RockStatic\RockStatic\Help\Working\BuildReferenceTopics.proj]
BuildAssembler : warning : ShowMissingComponent: [P:RockStatic.CLockBitmap.Pixels] Missing &lt;summary&gt; documentation [C:\Users\Hdsp\Dropbox\CodigosPetroleos\InterfazVisualCris\RockStatic\RockStatic\Help\Working\BuildReferenceTopics.proj]
BuildAssembler : warning : ShowMissingComponent: [M:RockStatic.CLockBitmap.SetPixel(System.Int32,System.Int32,System.Drawing.Color)] Missing &lt;param name=&quot;x&quot;/&gt; documentation [C:\Users\Hdsp\Dropbox\CodigosPetroleos\InterfazVisualCris\RockStatic\RockStatic\Help\Working\BuildReferenceTopics.proj]
BuildAssembler : warning : ShowMissingComponent: [M:RockStatic.CLockBitmap.SetPixel(System.Int32,System.Int32,System.Drawing.Color)] Missing &lt;param name=&quot;y&quot;/&gt; documentation [C:\Users\Hdsp\Dropbox\CodigosPetroleos\InterfazVisualCris\RockStatic\RockStatic\Help\Working\BuildReferenceTopics.proj]
BuildAssembler : warning : ShowMissingComponent: [M:RockStatic.CLockBitmap.SetPixel(System.Int32,System.Int32,System.Drawing.Color)] Missing &lt;param name=&quot;color&quot;/&gt; documentation [C:\Users\Hdsp\Dropbox\CodigosPetroleos\InterfazVisualCris\RockStatic\RockStatic\Help\Working\BuildReferenceTopics.proj]
BuildAssembler : warning : ShowMissingComponent: [P:RockStatic.CLockBitmap.Width] Missing &lt;summary&gt; documentation [C:\Users\Hdsp\Dropbox\CodigosPetroleos\InterfazVisualCris\RockStatic\RockStatic\Help\Working\BuildReferenceTopics.proj]
BuildAssembler : warning : ShowMissingComponent: [T:RockStatic.CPermisos] Missing &lt;summary&gt; documentation [C:\Users\Hdsp\Dropbox\CodigosPetroleos\InterfazVisualCris\RockStatic\RockStatic\Help\Working\BuildReferenceTopics.proj]
BuildAssembler : warning : ShowMissingComponent: [F:RockStatic.CPermisos.permiso] Missing &lt;summary&gt; documentation [C:\Users\Hdsp\Dropbox\CodigosPetroleos\InterfazVisualCris\RockStatic\RockStatic\Help\Working\BuildReferenceTopics.proj]
BuildAssembler : warning : ShowMissingComponent: [M:RockStatic.CPhantom.#ctor(RockStatic.CPhantom)] Missing &lt;param name=&quot;phantom&quot;/&gt; documentation [C:\Users\Hdsp\Dropbox\CodigosPetroleos\InterfazVisualCris\RockStatic\RockStatic\Help\Working\BuildReferenceTopics.proj]
BuildAssembler : warning : ShowMissingComponent: [M:RockStatic.CProyecto.Cropper(System.Byte[],RockStatic.CCuadrado,System.String,System.String,System.Int32)] Missing &lt;returns&gt; documentation [C:\Users\Hdsp\Dropbox\CodigosPetroleos\InterfazVisualCris\RockStatic\RockStatic\Help\Working\BuildReferenceTopics.proj]
BuildAssembler : warning : ShowMissingComponent: [M:RockStatic.CProyecto.GetCore] Missing &lt;returns&gt; documentation [C:\Users\Hdsp\Dropbox\CodigosPetroleos\InterfazVisualCris\RockStatic\RockStatic\Help\Working\BuildReferenceTopics.proj]
BuildAssembler : warning : ShowMissingComponent: [M:RockStatic.CProyecto.GetFolderHigh] Missing &lt;returns&gt; documentation [C:\Users\Hdsp\Dropbox\CodigosPetroleos\InterfazVisualCris\RockStatic\RockStatic\Help\Working\BuildReferenceTopics.proj]
BuildAssembler : warning : ShowMissingComponent: [M:RockStatic.CProyecto.GetFolderLow] Missing &lt;returns&gt; documentation [C:\Users\Hdsp\Dropbox\CodigosPetroleos\InterfazVisualCris\RockStatic\RockStatic\Help\Working\BuildReferenceTopics.proj]
BuildAssembler : warning : ShowMissingComponent: [M:RockStatic.CProyecto.GetFolderPath] Missing &lt;returns&gt; documentation [C:\Users\Hdsp\Dropbox\CodigosPetroleos\InterfazVisualCris\RockStatic\RockStatic\Help\Working\BuildReferenceTopics.proj]
BuildAssembler : warning : ShowMissingComponent: [M:RockStatic.CProyecto.GetPhantom1] Missing &lt;returns&gt; documentation [C:\Users\Hdsp\Dropbox\CodigosPetroleos\InterfazVisualCris\RockStatic\RockStatic\Help\Working\BuildReferenceTopics.proj]
BuildAssembler : warning : ShowMissingComponent: [M:RockStatic.CProyecto.GetPhantom2] Missing &lt;returns&gt; documentation [C:\Users\Hdsp\Dropbox\CodigosPetroleos\InterfazVisualCris\RockStatic\RockStatic\Help\Working\BuildReferenceTopics.proj]
BuildAssembler : warning : ShowMissingComponent: [M:RockStatic.CProyecto.GetPhantom3] Missing &lt;returns&gt; documentation [C:\Users\Hdsp\Dropbox\CodigosPetroleos\InterfazVisualCris\RockStatic\RockStatic\Help\Working\BuildReferenceTopics.proj]
BuildAssembler : warning : ShowMissingComponent: [M:RockStatic.CProyecto.GetSegmentacionDone] Missing &lt;returns&gt; documentation [C:\Users\Hdsp\Dropbox\CodigosPetroleos\InterfazVisualCris\RockStatic\RockStatic\Help\Working\BuildReferenceTopics.proj]
BuildAssembler : warning : ShowMissingComponent: [T:RockStatic.CurvasForm] Missing &lt;summary&gt; documentation [C:\Users\Hdsp\Dropbox\CodigosPetroleos\InterfazVisualCris\RockStatic\RockStatic\Help\Working\BuildReferenceTopics.proj]
BuildAssembler : warning : ShowMissingComponent: [F:RockStatic.CurvasForm.Dfm] Missing &lt;summary&gt; documentation [C:\Users\Hdsp\Dropbox\CodigosPetroleos\InterfazVisualCris\RockStatic\RockStatic\Help\Working\BuildReferenceTopics.proj]
BuildAssembler : warning : ShowMissingComponent: [M:RockStatic.CurvasForm.Estimar] Missing &lt;summary&gt; documentation [C:\Users\Hdsp\Dropbox\CodigosPetroleos\InterfazVisualCris\RockStatic\RockStatic\Help\Working\BuildReferenceTopics.proj]
BuildAssembler : warning : ShowMissingComponent: [F:RockStatic.CurvasForm.lblTitulo] Missing &lt;summary&gt; documentation [C:\Users\Hdsp\Dropbox\CodigosPetroleos\InterfazVisualCris\RockStatic\RockStatic\Help\Working\BuildReferenceTopics.proj]
BuildAssembler : warning : ShowMissingComponent: [F:RockStatic.CurvasForm.Pefm] Missing &lt;summary&gt; documentation [C:\Users\Hdsp\Dropbox\CodigosPetroleos\InterfazVisualCris\RockStatic\RockStatic\Help\Working\BuildReferenceTopics.proj]
BuildAssembler : warning : ShowMissingComponent: [F:RockStatic.CurvasForm.profundidad] Missing &lt;summary&gt; documentation [C:\Users\Hdsp\Dropbox\CodigosPetroleos\InterfazVisualCris\RockStatic\RockStatic\Help\Working\BuildReferenceTopics.proj]
BuildAssembler : warning : ShowMissingComponent: [F:RockStatic.CurvasForm.Zfme] Missing &lt;summary&gt; documentation [C:\Users\Hdsp\Dropbox\CodigosPetroleos\InterfazVisualCris\RockStatic\RockStatic\Help\Working\BuildReferenceTopics.proj]
BuildAssembler : warning : ShowMissingComponent: [T:RockStatic.CUsuario] Missing &lt;summary&gt; documentation [C:\Users\Hdsp\Dropbox\CodigosPetroleos\InterfazVisualCris\RockStatic\RockStatic\Help\Working\BuildReferenceTopics.proj]
BuildAssembler : warning : ShowMissingComponent: [F:RockStatic.CUsuario.Afiliacion] Missing &lt;summary&gt; documentation [C:\Users\Hdsp\Dropbox\CodigosPetroleos\InterfazVisualCris\RockStatic\RockStatic\Help\Working\BuildReferenceTopics.proj]
BuildAssembler : warning : ShowMissingComponent: [F:RockStatic.CUsuario.Apellidos] Missing &lt;summary&gt; documentation [C:\Users\Hdsp\Dropbox\CodigosPetroleos\InterfazVisualCris\RockStatic\RockStatic\Help\Working\BuildReferenceTopics.proj]
BuildAssembler : warning : ShowMissingComponent: [F:RockStatic.CUsuario.Nombre] Missing &lt;summary&gt; documentation [C:\Users\Hdsp\Dropbox\CodigosPetroleos\InterfazVisualCris\RockStatic\RockStatic\Help\Working\BuildReferenceTopics.proj]
BuildAssembler : warning : ShowMissingComponent: [F:RockStatic.CUsuario.permisos] Missing &lt;summary&gt; documentation [C:\Users\Hdsp\Dropbox\CodigosPetroleos\InterfazVisualCris\RockStatic\RockStatic\Help\Working\BuildReferenceTopics.proj]
BuildAssembler : warning : ShowMissingComponent: [T:RockStatic.HomeForm] Missing &lt;summary&gt; documentation [C:\Users\Hdsp\Dropbox\CodigosPetroleos\InterfazVisualCris\RockStatic\RockStatic\Help\Working\BuildReferenceTopics.proj]
BuildAssembler : warning : ShowMissingComponent: [M:RockStatic.HomeForm.CentrarForm] Missing &lt;summary&gt; documentation [C:\Users\Hdsp\Dropbox\CodigosPetroleos\InterfazVisualCris\RockStatic\RockStatic\Help\Working\BuildReferenceTopics.proj]
BuildAssembler : warning : ShowMissingComponent: [F:RockStatic.MainForm.abiertoAboutForm] Missing &lt;summary&gt; documentation [C:\Users\Hdsp\Dropbox\CodigosPetroleos\InterfazVisualCris\RockStatic\RockStatic\Help\Working\BuildReferenceTopics.proj]
BuildAssembler : warning : ShowMissingComponent: [F:RockStatic.MainForm.aboutForm] Missing &lt;summary&gt; documentation [C:\Users\Hdsp\Dropbox\CodigosPetroleos\InterfazVisualCris\RockStatic\RockStatic\Help\Working\BuildReferenceTopics.proj]
BuildAssembler : warning : ShowMissingComponent: [M:RockStatic.MainForm.AbrirHome] Missing &lt;summary&gt; documentation [C:\Users\Hdsp\Dropbox\CodigosPetroleos\InterfazVisualCris\RockStatic\RockStatic\Help\Working\BuildReferenceTopics.proj]
BuildAssembler : warning : ShowMissingComponent: [M:RockStatic.MainForm.AbrirProjectForm] Missing &lt;summary&gt; documentation [C:\Users\Hdsp\Dropbox\CodigosPetroleos\InterfazVisualCris\RockStatic\RockStatic\Help\Working\BuildReferenceTopics.proj]
BuildAssembler : warning : ShowMissingComponent: [M:RockStatic.MainForm.AbrirProyecto(System.String)] Missing &lt;returns&gt; documentation [C:\Users\Hdsp\Dropbox\CodigosPetroleos\InterfazVisualCris\RockStatic\RockStatic\Help\Working\BuildReferenceTopics.proj]
BuildAssembler : warning : ShowMissingComponent: [M:RockStatic.MainForm.AbrirProyecto(System.String)] Missing &lt;param name=&quot;ruta&quot;/&gt; documentation [C:\Users\Hdsp\Dropbox\CodigosPetroleos\InterfazVisualCris\RockStatic\RockStatic\Help\Working\BuildReferenceTopics.proj]
BuildAssembler : warning : ShowMissingComponent: [M:RockStatic.MainForm.Byte2image(System.Byte[])] Missing &lt;returns&gt; documentation [C:\Users\Hdsp\Dropbox\CodigosPetroleos\InterfazVisualCris\RockStatic\RockStatic\Help\Working\BuildReferenceTopics.proj]
BuildAssembler : warning : ShowMissingComponent: [M:RockStatic.MainForm.CerrarCheckForm] Missing &lt;summary&gt; documentation [C:\Users\Hdsp\Dropbox\CodigosPetroleos\InterfazVisualCris\RockStatic\RockStatic\Help\Working\BuildReferenceTopics.proj]
BuildAssembler : warning : ShowMissingComponent: [M:RockStatic.MainForm.CerrarCurvasForm] Missing &lt;summary&gt; documentation [C:\Users\Hdsp\Dropbox\CodigosPetroleos\InterfazVisualCris\RockStatic\RockStatic\Help\Working\BuildReferenceTopics.proj]
BuildAssembler : warning : ShowMissingComponent: [M:RockStatic.MainForm.CerrarHomeForm] Missing &lt;summary&gt; documentation [C:\Users\Hdsp\Dropbox\CodigosPetroleos\InterfazVisualCris\RockStatic\RockStatic\Help\Working\BuildReferenceTopics.proj]
BuildAssembler : warning : ShowMissingComponent: [M:RockStatic.MainForm.CerrarNuevoProyectoForm] Missing &lt;summary&gt; documentation [C:\Users\Hdsp\Dropbox\CodigosPetroleos\InterfazVisualCris\RockStatic\RockStatic\Help\Working\BuildReferenceTopics.proj]
BuildAssembler : warning : ShowMissingComponent: [M:RockStatic.MainForm.CerrarPhantom2Form] Missing &lt;summary&gt; documentation [C:\Users\Hdsp\Dropbox\CodigosPetroleos\InterfazVisualCris\RockStatic\RockStatic\Help\Working\BuildReferenceTopics.proj]
BuildAssembler : warning : ShowMissingComponent: [M:RockStatic.MainForm.CerrarPhantomForm] Missing &lt;summary&gt; documentation [C:\Users\Hdsp\Dropbox\CodigosPetroleos\InterfazVisualCris\RockStatic\RockStatic\Help\Working\BuildReferenceTopics.proj]
BuildAssembler : warning : ShowMissingComponent: [M:RockStatic.MainForm.CerrarPreviewSegForm] Missing &lt;summary&gt; documentation [C:\Users\Hdsp\Dropbox\CodigosPetroleos\InterfazVisualCris\RockStatic\RockStatic\Help\Working\BuildReferenceTopics.proj]
BuildAssembler : warning : ShowMissingComponent: [M:RockStatic.MainForm.CerrarProjectForm] Missing &lt;summary&gt; documentation [C:\Users\Hdsp\Dropbox\CodigosPetroleos\InterfazVisualCris\RockStatic\RockStatic\Help\Working\BuildReferenceTopics.proj]
BuildAssembler : warning : ShowMissingComponent: [M:RockStatic.MainForm.CerrarSegmentacionForm] Missing &lt;summary&gt; documentation [C:\Users\Hdsp\Dropbox\CodigosPetroleos\InterfazVisualCris\RockStatic\RockStatic\Help\Working\BuildReferenceTopics.proj]
BuildAssembler : warning : ShowMissingComponent: [M:RockStatic.MainForm.CerrarSelectAreasForm] Missing &lt;summary&gt; documentation [C:\Users\Hdsp\Dropbox\CodigosPetroleos\InterfazVisualCris\RockStatic\RockStatic\Help\Working\BuildReferenceTopics.proj]
BuildAssembler : warning : ShowMissingComponent: [M:RockStatic.MainForm.CloseWaiting] Missing &lt;summary&gt; documentation [C:\Users\Hdsp\Dropbox\CodigosPetroleos\InterfazVisualCris\RockStatic\RockStatic\Help\Working\BuildReferenceTopics.proj]
BuildAssembler : warning : ShowMissingComponent: [M:RockStatic.MainForm.ColorToGrayscale(System.Drawing.Bitmap)] Missing &lt;summary&gt; documentation [C:\Users\Hdsp\Dropbox\CodigosPetroleos\InterfazVisualCris\RockStatic\RockStatic\Help\Working\BuildReferenceTopics.proj]
BuildAssembler : warning : ShowMissingComponent: [M:RockStatic.MainForm.ColorToGrayscale(System.Drawing.Bitmap)] Missing &lt;returns&gt; documentation [C:\Users\Hdsp\Dropbox\CodigosPetroleos\InterfazVisualCris\RockStatic\RockStatic\Help\Working\BuildReferenceTopics.proj]
BuildAssembler : warning : ShowMissingComponent: [M:RockStatic.MainForm.ColorToGrayscale(System.Drawing.Bitmap)] Missing &lt;param name=&quot;bmp&quot;/&gt; documentation [C:\Users\Hdsp\Dropbox\CodigosPetroleos\InterfazVisualCris\RockStatic\RockStatic\Help\Working\BuildReferenceTopics.proj]
BuildAssembler : warning : ShowMissingComponent: [M:RockStatic.MainForm.CorregirOriginal2PictBox(RockStatic.CCuadrado,System.Int32,System.Int32)] Missing &lt;returns&gt; documentation [C:\Users\Hdsp\Dropbox\CodigosPetroleos\InterfazVisualCris\RockStatic\RockStatic\Help\Working\BuildReferenceTopics.proj]
BuildAssembler : warning : ShowMissingComponent: [M:RockStatic.MainForm.CorregirPictBox2Original(RockStatic.CCuadrado,System.Int32,System.Int32)] Missing &lt;returns&gt; documentation [C:\Users\Hdsp\Dropbox\CodigosPetroleos\InterfazVisualCris\RockStatic\RockStatic\Help\Working\BuildReferenceTopics.proj]
BuildAssembler : warning : ShowMissingComponent: [M:RockStatic.MainForm.CorregirPictBox2Original(System.Int32,System.Int32,System.Int32)] Missing &lt;returns&gt; documentation [C:\Users\Hdsp\Dropbox\CodigosPetroleos\InterfazVisualCris\RockStatic\RockStatic\Help\Working\BuildReferenceTopics.proj]
BuildAssembler : warning : ShowMissingComponent: [M:RockStatic.MainForm.CropCirle(System.Drawing.Bitmap,RockStatic.CCuadrado)] Missing &lt;returns&gt; documentation [C:\Users\Hdsp\Dropbox\CodigosPetroleos\InterfazVisualCris\RockStatic\RockStatic\Help\Working\BuildReferenceTopics.proj]
BuildAssembler : warning : ShowMissingComponent: [M:RockStatic.MainForm.CropCirle(System.Drawing.Bitmap,RockStatic.CCuadrado)] Missing &lt;param name=&quot;srcImage&quot;/&gt; documentation [C:\Users\Hdsp\Dropbox\CodigosPetroleos\InterfazVisualCris\RockStatic\RockStatic\Help\Working\BuildReferenceTopics.proj]
BuildAssembler : warning : ShowMissingComponent: [M:RockStatic.MainForm.Img2byte(System.Drawing.Bitmap)] Missing &lt;returns&gt; documentation [C:\Users\Hdsp\Dropbox\CodigosPetroleos\InterfazVisualCris\RockStatic\RockStatic\Help\Working\BuildReferenceTopics.proj]
BuildAssembler : warning : ShowMissingComponent: [M:RockStatic.MainForm.Img2byte(System.Drawing.Bitmap)] Missing &lt;param name=&quot;srcImg&quot;/&gt; documentation [C:\Users\Hdsp\Dropbox\CodigosPetroleos\InterfazVisualCris\RockStatic\RockStatic\Help\Working\BuildReferenceTopics.proj]
BuildAssembler : warning : ShowMissingComponent: [M:RockStatic.MainForm.Img2byte(System.Drawing.Image)] Missing &lt;summary&gt; documentation [C:\Users\Hdsp\Dropbox\CodigosPetroleos\InterfazVisualCris\RockStatic\RockStatic\Help\Working\BuildReferenceTopics.proj]
BuildAssembler : warning : ShowMissingComponent: [M:RockStatic.MainForm.Img2byte(System.Drawing.Image)] Missing &lt;returns&gt; documentation [C:\Users\Hdsp\Dropbox\CodigosPetroleos\InterfazVisualCris\RockStatic\RockStatic\Help\Working\BuildReferenceTopics.proj]
BuildAssembler : warning : ShowMissingComponent: [M:RockStatic.MainForm.Img2byte(System.Drawing.Image)] Missing &lt;param name=&quot;srcImg&quot;/&gt; documentation [C:\Users\Hdsp\Dropbox\CodigosPetroleos\InterfazVisualCris\RockStatic\RockStatic\Help\Working\BuildReferenceTopics.proj]
BuildAssembler : warning : ShowMissingComponent: [M:RockStatic.MainForm.Img2byte(System.String)] Missing &lt;returns&gt; documentation [C:\Users\Hdsp\Dropbox\CodigosPetroleos\InterfazVisualCris\RockStatic\RockStatic\Help\Working\BuildReferenceTopics.proj]
BuildAssembler : warning : ShowMissingComponent: [M:RockStatic.MainForm.SeleccionarProyecto] Missing &lt;returns&gt; documentation [C:\Users\Hdsp\Dropbox\CodigosPetroleos\InterfazVisualCris\RockStatic\RockStatic\Help\Working\BuildReferenceTopics.proj]
BuildAssembler : warning : ShowMissingComponent: [M:RockStatic.MainForm.ShowWaiting(System.String)] Missing &lt;param name=&quot;mensaje&quot;/&gt; documentation [C:\Users\Hdsp\Dropbox\CodigosPetroleos\InterfazVisualCris\RockStatic\RockStatic\Help\Working\BuildReferenceTopics.proj]
BuildAssembler : warning : ShowMissingComponent: [F:RockStatic.MainForm.usuarios] Missing &lt;summary&gt; documentation [C:\Users\Hdsp\Dropbox\CodigosPetroleos\InterfazVisualCris\RockStatic\RockStatic\Help\Working\BuildReferenceTopics.proj]
BuildAssembler : warning : ShowMissingComponent: [M:RockStatic.MyDataCube.CreateBitmapCorte(System.Collections.Generic.List{System.UInt16},System.Int32,System.Int32)] Missing &lt;returns&gt; documentation [C:\Users\Hdsp\Dropbox\CodigosPetroleos\InterfazVisualCris\RockStatic\RockStatic\Help\Working\BuildReferenceTopics.proj]
BuildAssembler : warning : ShowMissingComponent: [M:RockStatic.MyDataCube.CreateBitmapCorte(System.Collections.Generic.List{System.UInt16},System.Int32,System.Int32,System.Int32,System.Int32)] Missing &lt;returns&gt; documentation [C:\Users\Hdsp\Dropbox\CodigosPetroleos\InterfazVisualCris\RockStatic\RockStatic\Help\Working\BuildReferenceTopics.proj]
BuildAssembler : warning : ShowMissingComponent: [M:RockStatic.MyDataCube.GenerarCoreHorizontal(System.Int32)] Missing &lt;returns&gt; documentation [C:\Users\Hdsp\Dropbox\CodigosPetroleos\InterfazVisualCris\RockStatic\RockStatic\Help\Working\BuildReferenceTopics.proj]
BuildAssembler : warning : ShowMissingComponent: [M:RockStatic.MyDataCube.GenerarCoreVertical(System.Int32)] Missing &lt;returns&gt; documentation [C:\Users\Hdsp\Dropbox\CodigosPetroleos\InterfazVisualCris\RockStatic\RockStatic\Help\Working\BuildReferenceTopics.proj]
BuildAssembler : warning : ShowMissingComponent: [M:RockStatic.MyDataCube.GetMaximo] Missing &lt;returns&gt; documentation [C:\Users\Hdsp\Dropbox\CodigosPetroleos\InterfazVisualCris\RockStatic\RockStatic\Help\Working\BuildReferenceTopics.proj]
BuildAssembler : warning : ShowMissingComponent: [M:RockStatic.MyDataCube.GetMinimo] Missing &lt;returns&gt; documentation [C:\Users\Hdsp\Dropbox\CodigosPetroleos\InterfazVisualCris\RockStatic\RockStatic\Help\Working\BuildReferenceTopics.proj]
BuildAssembler : warning : ShowMissingComponent: [M:RockStatic.MyDataCube.SegCircThread(RockStatic.CCuadrado)] Missing &lt;param name=&quot;area&quot;/&gt; documentation [C:\Users\Hdsp\Dropbox\CodigosPetroleos\InterfazVisualCris\RockStatic\RockStatic\Help\Working\BuildReferenceTopics.proj]
BuildAssembler : warning : ShowMissingComponent: [M:RockStatic.MyDicom.#ctor(System.String)] Missing &lt;param name=&quot;ruta&quot;/&gt; documentation [C:\Users\Hdsp\Dropbox\CodigosPetroleos\InterfazVisualCris\RockStatic\RockStatic\Help\Working\BuildReferenceTopics.proj]
BuildAssembler : warning : ShowMissingComponent: [M:RockStatic.MyDicom.CrearBitmap(System.Collections.Generic.List{System.UInt16},System.Int32,System.Int32)] Missing &lt;returns&gt; documentation [C:\Users\Hdsp\Dropbox\CodigosPetroleos\InterfazVisualCris\RockStatic\RockStatic\Help\Working\BuildReferenceTopics.proj]
BuildAssembler : warning : ResolveReferenceLinksComponent: [F:RockStatic.MyDicom.dcm] Unknown reference link target &#39;T:EvilDICOM.Core.DICOMObject&#39;. [C:\Users\Hdsp\Dropbox\CodigosPetroleos\InterfazVisualCris\RockStatic\RockStatic\Help\Working\BuildReferenceTopics.proj]
BuildAssembler : warning : ResolveReferenceLinksComponent: [F:RockStatic.MyDicom.dcm] Unknown reference link target &#39;T:EvilDICOM.Core.DICOMObject&#39;. [C:\Users\Hdsp\Dropbox\CodigosPetroleos\InterfazVisualCris\RockStatic\RockStatic\Help\Working\BuildReferenceTopics.proj]
BuildAssembler : warning : ShowMissingComponent: [M:RockStatic.MyDicom.Pixels162Byte(System.Collections.Generic.List{System.UInt16},System.Int32,System.Double,System.Double,System.String)] Missing &lt;returns&gt; documentation [C:\Users\Hdsp\Dropbox\CodigosPetroleos\InterfazVisualCris\RockStatic\RockStatic\Help\Working\BuildReferenceTopics.proj]
BuildAssembler : warning : ResolveReferenceLinksComponent: [F:RockStatic.MyDicom.selector] Unknown reference link target &#39;T:EvilDICOM.Core.Selection.DICOMSelector&#39;. [C:\Users\Hdsp\Dropbox\CodigosPetroleos\InterfazVisualCris\RockStatic\RockStatic\Help\Working\BuildReferenceTopics.proj]
BuildAssembler : warning : ResolveReferenceLinksComponent: [F:RockStatic.MyDicom.selector] Unknown reference link target &#39;T:EvilDICOM.Core.Selection.DICOMSelector&#39;. [C:\Users\Hdsp\Dropbox\CodigosPetroleos\InterfazVisualCris\RockStatic\RockStatic\Help\Working\BuildReferenceTopics.proj]
BuildAssembler : warning : ShowMissingComponent: [M:RockStatic.NewProjectForm.CheckLargos] Missing &lt;returns&gt; documentation [C:\Users\Hdsp\Dropbox\CodigosPetroleos\InterfazVisualCris\RockStatic\RockStatic\Help\Working\BuildReferenceTopics.proj]
BuildAssembler : warning : ShowMissingComponent: [T:RockStatic.Phantoms2Form] Missing &lt;summary&gt; documentation [C:\Users\Hdsp\Dropbox\CodigosPetroleos\InterfazVisualCris\RockStatic\RockStatic\Help\Working\BuildReferenceTopics.proj]
BuildAssembler : warning : ShowMissingComponent: [M:RockStatic.Phantoms2Form.btnCerrar_Click(System.Object,System.EventArgs)] Missing &lt;summary&gt; documentation [C:\Users\Hdsp\Dropbox\CodigosPetroleos\InterfazVisualCris\RockStatic\RockStatic\Help\Working\BuildReferenceTopics.proj]
BuildAssembler : warning : ShowMissingComponent: [M:RockStatic.Phantoms2Form.btnCerrar_Click(System.Object,System.EventArgs)] Missing &lt;param name=&quot;sender&quot;/&gt; documentation [C:\Users\Hdsp\Dropbox\CodigosPetroleos\InterfazVisualCris\RockStatic\RockStatic\Help\Working\BuildReferenceTopics.proj]
BuildAssembler : warning : ShowMissingComponent: [M:RockStatic.Phantoms2Form.btnCerrar_Click(System.Object,System.EventArgs)] Missing &lt;param name=&quot;e&quot;/&gt; documentation [C:\Users\Hdsp\Dropbox\CodigosPetroleos\InterfazVisualCris\RockStatic\RockStatic\Help\Working\BuildReferenceTopics.proj]
BuildAssembler : warning : ShowMissingComponent: [F:RockStatic.Phantoms2Form.lblTitulo] Missing &lt;summary&gt; documentation [C:\Users\Hdsp\Dropbox\CodigosPetroleos\InterfazVisualCris\RockStatic\RockStatic\Help\Working\BuildReferenceTopics.proj]
BuildAssembler : warning : ShowMissingComponent: [T:RockStatic.PhantomsForm] Missing &lt;summary&gt; documentation [C:\Users\Hdsp\Dropbox\CodigosPetroleos\InterfazVisualCris\RockStatic\RockStatic\Help\Working\BuildReferenceTopics.proj]
BuildAssembler : warning : ShowMissingComponent: [M:RockStatic.PhantomsForm.btnCerrar_Click(System.Object,System.EventArgs)] Missing &lt;param name=&quot;sender&quot;/&gt; documentation [C:\Users\Hdsp\Dropbox\CodigosPetroleos\InterfazVisualCris\RockStatic\RockStatic\Help\Working\BuildReferenceTopics.proj]
BuildAssembler : warning : ShowMissingComponent: [M:RockStatic.PhantomsForm.btnCerrar_Click(System.Object,System.EventArgs)] Missing &lt;param name=&quot;e&quot;/&gt; documentation [C:\Users\Hdsp\Dropbox\CodigosPetroleos\InterfazVisualCris\RockStatic\RockStatic\Help\Working\BuildReferenceTopics.proj]
BuildAssembler : warning : ShowMissingComponent: [F:RockStatic.PhantomsForm.lblTitulo] Missing &lt;summary&gt; documentation [C:\Users\Hdsp\Dropbox\CodigosPetroleos\InterfazVisualCris\RockStatic\RockStatic\Help\Working\BuildReferenceTopics.proj]
BuildAssembler : warning : ShowMissingComponent: [T:RockStatic.PreviewSegForm] Missing &lt;summary&gt; documentation [C:\Users\Hdsp\Dropbox\CodigosPetroleos\InterfazVisualCris\RockStatic\RockStatic\Help\Working\BuildReferenceTopics.proj]
BuildAssembler : warning : ShowMissingComponent: [M:RockStatic.PreviewSegForm.CentrarForm] Missing &lt;summary&gt; documentation [C:\Users\Hdsp\Dropbox\CodigosPetroleos\InterfazVisualCris\RockStatic\RockStatic\Help\Working\BuildReferenceTopics.proj]
BuildAssembler : warning : ShowMissingComponent: [F:RockStatic.PreviewSegForm.grpPhantoms] Missing &lt;summary&gt; documentation [C:\Users\Hdsp\Dropbox\CodigosPetroleos\InterfazVisualCris\RockStatic\RockStatic\Help\Working\BuildReferenceTopics.proj]
BuildAssembler : warning : ShowMissingComponent: [M:RockStatic.ProjectForm.CentrarForm] Missing &lt;summary&gt; documentation [C:\Users\Hdsp\Dropbox\CodigosPetroleos\InterfazVisualCris\RockStatic\RockStatic\Help\Working\BuildReferenceTopics.proj]
BuildAssembler : warning : ShowMissingComponent: [F:RockStatic.ProjectForm.padre] Missing &lt;summary&gt; documentation [C:\Users\Hdsp\Dropbox\CodigosPetroleos\InterfazVisualCris\RockStatic\RockStatic\Help\Working\BuildReferenceTopics.proj]
BuildAssembler : warning : ShowMissingComponent: [F:RockStatic.ProjectForm.pictAreasHigh] Missing &lt;summary&gt; documentation [C:\Users\Hdsp\Dropbox\CodigosPetroleos\InterfazVisualCris\RockStatic\RockStatic\Help\Working\BuildReferenceTopics.proj]
BuildAssembler : warning : ShowMissingComponent: [F:RockStatic.ProjectForm.pictSegHigh] Missing &lt;summary&gt; documentation [C:\Users\Hdsp\Dropbox\CodigosPetroleos\InterfazVisualCris\RockStatic\RockStatic\Help\Working\BuildReferenceTopics.proj]
BuildAssembler : warning : ShowMissingComponent: [T:RockStatic.SegmentacionForm] Missing &lt;summary&gt; documentation [C:\Users\Hdsp\Dropbox\CodigosPetroleos\InterfazVisualCris\RockStatic\RockStatic\Help\Working\BuildReferenceTopics.proj]
BuildAssembler : warning : ShowMissingComponent: [M:RockStatic.SegmentacionForm.btnCancelar_Click(System.Object,System.EventArgs)] Missing &lt;summary&gt; documentation [C:\Users\Hdsp\Dropbox\CodigosPetroleos\InterfazVisualCris\RockStatic\RockStatic\Help\Working\BuildReferenceTopics.proj]
BuildAssembler : warning : ShowMissingComponent: [M:RockStatic.SegmentacionForm.btnCancelar_Click(System.Object,System.EventArgs)] Missing &lt;param name=&quot;sender&quot;/&gt; documentation [C:\Users\Hdsp\Dropbox\CodigosPetroleos\InterfazVisualCris\RockStatic\RockStatic\Help\Working\BuildReferenceTopics.proj]
BuildAssembler : warning : ShowMissingComponent: [M:RockStatic.SegmentacionForm.btnCancelar_Click(System.Object,System.EventArgs)] Missing &lt;param name=&quot;e&quot;/&gt; documentation [C:\Users\Hdsp\Dropbox\CodigosPetroleos\InterfazVisualCris\RockStatic\RockStatic\Help\Working\BuildReferenceTopics.proj]
BuildAssembler : warning : ShowMissingComponent: [M:RockStatic.SegmentacionForm.CentrarForm] Missing &lt;summary&gt; documentation [C:\Users\Hdsp\Dropbox\CodigosPetroleos\InterfazVisualCris\RockStatic\RockStatic\Help\Working\BuildReferenceTopics.proj]
BuildAssembler : warning : ShowMissingComponent: [M:RockStatic.SegmentacionForm.DeteccionAutomatica] Missing &lt;summary&gt; documentation [C:\Users\Hdsp\Dropbox\CodigosPetroleos\InterfazVisualCris\RockStatic\RockStatic\Help\Working\BuildReferenceTopics.proj]
BuildAssembler : warning : ShowMissingComponent: [F:RockStatic.SegmentacionForm.lblTitulo] Missing &lt;summary&gt; documentation [C:\Users\Hdsp\Dropbox\CodigosPetroleos\InterfazVisualCris\RockStatic\RockStatic\Help\Working\BuildReferenceTopics.proj]
BuildAssembler : warning : ShowMissingComponent: [T:RockStatic.SelectAreas2Form] Missing &lt;summary&gt; documentation [C:\Users\Hdsp\Dropbox\CodigosPetroleos\InterfazVisualCris\RockStatic\RockStatic\Help\Working\BuildReferenceTopics.proj]
BuildAssembler : warning : ShowMissingComponent: [F:RockStatic.SelectAreas2Form.label4] Missing &lt;summary&gt; documentation [C:\Users\Hdsp\Dropbox\CodigosPetroleos\InterfazVisualCris\RockStatic\RockStatic\Help\Working\BuildReferenceTopics.proj]
BuildAssembler : warning : ShowMissingComponent: [M:RockStatic.SelectAreas2Form.pictCore_Paint(System.Object,System.Windows.Forms.PaintEventArgs)] Missing &lt;summary&gt; documentation [C:\Users\Hdsp\Dropbox\CodigosPetroleos\InterfazVisualCris\RockStatic\RockStatic\Help\Working\BuildReferenceTopics.proj]
BuildAssembler : warning : ShowMissingComponent: [M:RockStatic.SelectAreas2Form.pictCore_Paint(System.Object,System.Windows.Forms.PaintEventArgs)] Missing &lt;param name=&quot;sender&quot;/&gt; documentation [C:\Users\Hdsp\Dropbox\CodigosPetroleos\InterfazVisualCris\RockStatic\RockStatic\Help\Working\BuildReferenceTopics.proj]
BuildAssembler : warning : ShowMissingComponent: [M:RockStatic.SelectAreas2Form.pictCore_Paint(System.Object,System.Windows.Forms.PaintEventArgs)] Missing &lt;param name=&quot;e&quot;/&gt; documentation [C:\Users\Hdsp\Dropbox\CodigosPetroleos\InterfazVisualCris\RockStatic\RockStatic\Help\Working\BuildReferenceTopics.proj]
BuildAssembler : warning : ShowMissingComponent: [T:RockStatic.SelectAreasForm] Missing &lt;summary&gt; documentation [C:\Users\Hdsp\Dropbox\CodigosPetroleos\InterfazVisualCris\RockStatic\RockStatic\Help\Working\BuildReferenceTopics.proj]
BuildAssembler : warning : ShowMissingComponent: [M:RockStatic.SelectAreasForm.AddElemento(RockStatic.CCirculo[],System.String)] Missing &lt;param name=&quot;tempClicks&quot;/&gt; documentation [C:\Users\Hdsp\Dropbox\CodigosPetroleos\InterfazVisualCris\RockStatic\RockStatic\Help\Working\BuildReferenceTopics.proj]
BuildAssembler : warning : ShowMissingComponent: [M:RockStatic.SelectAreasForm.AddElemento(RockStatic.CCirculo[],System.String)] Missing &lt;param name=&quot;elemento&quot;/&gt; documentation [C:\Users\Hdsp\Dropbox\CodigosPetroleos\InterfazVisualCris\RockStatic\RockStatic\Help\Working\BuildReferenceTopics.proj]
BuildAssembler : warning : ShowMissingComponent: [M:RockStatic.SelectAreasForm.CentrarForm] Missing &lt;summary&gt; documentation [C:\Users\Hdsp\Dropbox\CodigosPetroleos\InterfazVisualCris\RockStatic\RockStatic\Help\Working\BuildReferenceTopics.proj]
BuildAssembler : warning : ShowMissingComponent: [F:RockStatic.SelectAreasForm.label4] Missing &lt;summary&gt; documentation [C:\Users\Hdsp\Dropbox\CodigosPetroleos\InterfazVisualCris\RockStatic\RockStatic\Help\Working\BuildReferenceTopics.proj]
BuildAssembler : warning : ShowMissingComponent: [T:RockStatic.SplashScreenForm] Missing &lt;summary&gt; documentation [C:\Users\Hdsp\Dropbox\CodigosPetroleos\InterfazVisualCris\RockStatic\RockStatic\Help\Working\BuildReferenceTopics.proj]
BuildAssembler : warning : ShowMissingComponent: [M:RockStatic.ZzzzRangeBar.OnRangeChanged(System.EventArgs)] Missing &lt;summary&gt; documentation [C:\Users\Hdsp\Dropbox\CodigosPetroleos\InterfazVisualCris\RockStatic\RockStatic\Help\Working\BuildReferenceTopics.proj]
BuildAssembler : warning : ShowMissingComponent: [M:RockStatic.ZzzzRangeBar.OnRangeChanged(System.EventArgs)] Missing &lt;param name=&quot;e&quot;/&gt; documentation [C:\Users\Hdsp\Dropbox\CodigosPetroleos\InterfazVisualCris\RockStatic\RockStatic\Help\Working\BuildReferenceTopics.proj]
BuildAssembler : warning : ShowMissingComponent: [M:RockStatic.ZzzzRangeBar.OnRangeChanging(System.EventArgs)] Missing &lt;summary&gt; documentation [C:\Users\Hdsp\Dropbox\CodigosPetroleos\InterfazVisualCris\RockStatic\RockStatic\Help\Working\BuildReferenceTopics.proj]
BuildAssembler : warning : ShowMissingComponent: [M:RockStatic.ZzzzRangeBar.OnRangeChanging(System.EventArgs)] Missing &lt;param name=&quot;e&quot;/&gt; documentation [C:\Users\Hdsp\Dropbox\CodigosPetroleos\InterfazVisualCris\RockStatic\RockStatic\Help\Working\BuildReferenceTopics.proj]
BuildAssembler : warning : ShowMissingComponent: [E:RockStatic.ZzzzRangeBar.RangeChanged] Missing &lt;summary&gt; documentation [C:\Users\Hdsp\Dropbox\CodigosPetroleos\InterfazVisualCris\RockStatic\RockStatic\Help\Working\BuildReferenceTopics.proj]
BuildAssembler : warning : ShowMissingComponent: [E:RockStatic.ZzzzRangeBar.RangeChanging] Missing &lt;summary&gt; documentation [C:\Users\Hdsp\Dropbox\CodigosPetroleos\InterfazVisualCris\RockStatic\RockStatic\Help\Working\BuildReferenceTopics.proj]
BuildAssembler : warning : ShowMissingComponent: [T:RockStatic.ZzzzRangeBar.ActiveMarkType] Missing &lt;summary&gt; documentation [C:\Users\Hdsp\Dropbox\CodigosPetroleos\InterfazVisualCris\RockStatic\RockStatic\Help\Working\BuildReferenceTopics.proj]
BuildAssembler : warning : ShowMissingComponent: [T:RockStatic.ZzzzRangeBar.RangeBarOrientation] Missing &lt;summary&gt; documentation [C:\Users\Hdsp\Dropbox\CodigosPetroleos\InterfazVisualCris\RockStatic\RockStatic\Help\Working\BuildReferenceTopics.proj]
BuildAssembler : warning : ShowMissingComponent: [T:RockStatic.ZzzzRangeBar.RangeChangedEventHandler] Missing &lt;summary&gt; documentation [C:\Users\Hdsp\Dropbox\CodigosPetroleos\InterfazVisualCris\RockStatic\RockStatic\Help\Working\BuildReferenceTopics.proj]
BuildAssembler : warning : ShowMissingComponent: [T:RockStatic.ZzzzRangeBar.RangeChangingEventHandler] Missing &lt;summary&gt; documentation [C:\Users\Hdsp\Dropbox\CodigosPetroleos\InterfazVisualCris\RockStatic\RockStatic\Help\Working\BuildReferenceTopics.proj]
BuildAssembler : warning : ShowMissingComponent: [T:RockStatic.ZzzzRangeBar.TopBottomOrientation] Missing &lt;summary&gt; documentation [C:\Users\Hdsp\Dropbox\CodigosPetroleos\InterfazVisualCris\RockStatic\RockStatic\Help\Working\BuildReferenceTopics.proj]
  Processed 461 topic(s)
  156 warning(s)
  CopyFromIndexComponent: &quot;reflection&quot; in-memory cache entries used: 6 of 15.
  CopyFromIndexComponent: &quot;comments&quot; in-memory cache entries used: 5 of 30.
  ResolveReferenceLinksComponent: New MSDN content ID cache size: 614 entries
Compilaci&#162;n del proyecto terminada &quot;C:\Users\Hdsp\Dropbox\CodigosPetroleos\InterfazVisualCris\RockStatic\RockStatic\Help\Working\BuildReferenceTopics.proj&quot; (destinos predeterminados).

Compilaci&#162;n correcta.

Tiempo transcurrido 00:01:23.21
    Last step completed in 00:01:23.5738
</buildStep>
<buildStep step="CombiningIntermediateTocFiles">
Combining conceptual and API intermediate TOC files...

Clearing any prior web output
    Last step completed in 00:00:00.6370
</buildStep>
<buildStep step="ExtractingHtmlInfo">
Extracting HTML info for HTML Help 1 and/or website...
[C:\Windows\Microsoft.NET\Framework64\v4.0.30319\MSBuild.exe]
Sandcastle Help File Builder, version 2015.1.12.0
Copyright &#184; 2006-2015, Eric Woodruff, All Rights Reserved
E-Mail: Eric@EWoodruff.us

SHFB: Warning SHE0001: LCID &#39;3082&#39; not found in configuration file.  Defaulting to ANSI code page value of &#39;1252&#39;, encoding charset &#39;Windows-1252&#39;.

Processing Help 1 files in C:\Users\Hdsp\Dropbox\CodigosPetroleos\InterfazVisualCris\RockStatic\RockStatic\Help\Working\Output\HtmlHelp1
Processed 461 HTML files
Sorting keywords and generating See Also indices
Saving HTML Help 1 keyword index to C:\Users\Hdsp\Dropbox\CodigosPetroleos\InterfazVisualCris\RockStatic\RockStatic\Help\Working\Documentacion de Desarrollo.hhk
Saving HTML Help 1 table of contents to C:\Users\Hdsp\Dropbox\CodigosPetroleos\InterfazVisualCris\RockStatic\RockStatic\Help\Working\Documentacion de Desarrollo.hhc

Processing website files in C:\Users\Hdsp\Dropbox\CodigosPetroleos\InterfazVisualCris\RockStatic\RockStatic\Help\Working\Output\Website
Processed 461 HTML files
Sorting keywords and generating See Also indices
Saving website keyword index to C:\Users\Hdsp\Dropbox\CodigosPetroleos\InterfazVisualCris\RockStatic\RockStatic\Help\Working\WebKI.xml
Saving website table of contents to C:\Users\Hdsp\Dropbox\CodigosPetroleos\InterfazVisualCris\RockStatic\RockStatic\Help\Working\WebTOC.xml
    Last step completed in 00:00:03.7102
</buildStep>
<buildStep step="CopyStandardHelpContent">
Copying standard help content...
C:\Program Files (x86)\EWSoftware\Sandcastle Help File Builder\PresentationStyles\VS2013\icons\AlertCaution.png -&gt; C:\Users\Hdsp\Dropbox\CodigosPetroleos\InterfazVisualCris\RockStatic\RockStatic\Help\Working\Output\HtmlHelp1\icons\AlertCaution.png
C:\Program Files (x86)\EWSoftware\Sandcastle Help File Builder\PresentationStyles\VS2013\icons\AlertNote.png -&gt; C:\Users\Hdsp\Dropbox\CodigosPetroleos\InterfazVisualCris\RockStatic\RockStatic\Help\Working\Output\HtmlHelp1\icons\AlertNote.png
C:\Program Files (x86)\EWSoftware\Sandcastle Help File Builder\PresentationStyles\VS2013\icons\AlertSecurity.png -&gt; C:\Users\Hdsp\Dropbox\CodigosPetroleos\InterfazVisualCris\RockStatic\RockStatic\Help\Working\Output\HtmlHelp1\icons\AlertSecurity.png
C:\Program Files (x86)\EWSoftware\Sandcastle Help File Builder\PresentationStyles\VS2013\icons\CFW.gif -&gt; C:\Users\Hdsp\Dropbox\CodigosPetroleos\InterfazVisualCris\RockStatic\RockStatic\Help\Working\Output\HtmlHelp1\icons\CFW.gif
C:\Program Files (x86)\EWSoftware\Sandcastle Help File Builder\PresentationStyles\VS2013\icons\CodeExample.png -&gt; C:\Users\Hdsp\Dropbox\CodigosPetroleos\InterfazVisualCris\RockStatic\RockStatic\Help\Working\Output\HtmlHelp1\icons\CodeExample.png
C:\Program Files (x86)\EWSoftware\Sandcastle Help File Builder\PresentationStyles\VS2013\icons\favicon.ico -&gt; C:\Users\Hdsp\Dropbox\CodigosPetroleos\InterfazVisualCris\RockStatic\RockStatic\Help\Working\Output\HtmlHelp1\icons\favicon.ico
C:\Program Files (x86)\EWSoftware\Sandcastle Help File Builder\PresentationStyles\VS2013\icons\privclass.gif -&gt; C:\Users\Hdsp\Dropbox\CodigosPetroleos\InterfazVisualCris\RockStatic\RockStatic\Help\Working\Output\HtmlHelp1\icons\privclass.gif
C:\Program Files (x86)\EWSoftware\Sandcastle Help File Builder\PresentationStyles\VS2013\icons\privdelegate.gif -&gt; C:\Users\Hdsp\Dropbox\CodigosPetroleos\InterfazVisualCris\RockStatic\RockStatic\Help\Working\Output\HtmlHelp1\icons\privdelegate.gif
C:\Program Files (x86)\EWSoftware\Sandcastle Help File Builder\PresentationStyles\VS2013\icons\privenumeration.gif -&gt; C:\Users\Hdsp\Dropbox\CodigosPetroleos\InterfazVisualCris\RockStatic\RockStatic\Help\Working\Output\HtmlHelp1\icons\privenumeration.gif
C:\Program Files (x86)\EWSoftware\Sandcastle Help File Builder\PresentationStyles\VS2013\icons\privevent.gif -&gt; C:\Users\Hdsp\Dropbox\CodigosPetroleos\InterfazVisualCris\RockStatic\RockStatic\Help\Working\Output\HtmlHelp1\icons\privevent.gif
C:\Program Files (x86)\EWSoftware\Sandcastle Help File Builder\PresentationStyles\VS2013\icons\privextension.gif -&gt; C:\Users\Hdsp\Dropbox\CodigosPetroleos\InterfazVisualCris\RockStatic\RockStatic\Help\Working\Output\HtmlHelp1\icons\privextension.gif
C:\Program Files (x86)\EWSoftware\Sandcastle Help File Builder\PresentationStyles\VS2013\icons\privfield.gif -&gt; C:\Users\Hdsp\Dropbox\CodigosPetroleos\InterfazVisualCris\RockStatic\RockStatic\Help\Working\Output\HtmlHelp1\icons\privfield.gif
C:\Program Files (x86)\EWSoftware\Sandcastle Help File Builder\PresentationStyles\VS2013\icons\privinterface.gif -&gt; C:\Users\Hdsp\Dropbox\CodigosPetroleos\InterfazVisualCris\RockStatic\RockStatic\Help\Working\Output\HtmlHelp1\icons\privinterface.gif
C:\Program Files (x86)\EWSoftware\Sandcastle Help File Builder\PresentationStyles\VS2013\icons\privmethod.gif -&gt; C:\Users\Hdsp\Dropbox\CodigosPetroleos\InterfazVisualCris\RockStatic\RockStatic\Help\Working\Output\HtmlHelp1\icons\privmethod.gif
C:\Program Files (x86)\EWSoftware\Sandcastle Help File Builder\PresentationStyles\VS2013\icons\privproperty.gif -&gt; C:\Users\Hdsp\Dropbox\CodigosPetroleos\InterfazVisualCris\RockStatic\RockStatic\Help\Working\Output\HtmlHelp1\icons\privproperty.gif
C:\Program Files (x86)\EWSoftware\Sandcastle Help File Builder\PresentationStyles\VS2013\icons\privstructure.gif -&gt; C:\Users\Hdsp\Dropbox\CodigosPetroleos\InterfazVisualCris\RockStatic\RockStatic\Help\Working\Output\HtmlHelp1\icons\privstructure.gif
C:\Program Files (x86)\EWSoftware\Sandcastle Help File Builder\PresentationStyles\VS2013\icons\protclass.gif -&gt; C:\Users\Hdsp\Dropbox\CodigosPetroleos\InterfazVisualCris\RockStatic\RockStatic\Help\Working\Output\HtmlHelp1\icons\protclass.gif
C:\Program Files (x86)\EWSoftware\Sandcastle Help File Builder\PresentationStyles\VS2013\icons\protdelegate.gif -&gt; C:\Users\Hdsp\Dropbox\CodigosPetroleos\InterfazVisualCris\RockStatic\RockStatic\Help\Working\Output\HtmlHelp1\icons\protdelegate.gif
C:\Program Files (x86)\EWSoftware\Sandcastle Help File Builder\PresentationStyles\VS2013\icons\protenumeration.gif -&gt; C:\Users\Hdsp\Dropbox\CodigosPetroleos\InterfazVisualCris\RockStatic\RockStatic\Help\Working\Output\HtmlHelp1\icons\protenumeration.gif
C:\Program Files (x86)\EWSoftware\Sandcastle Help File Builder\PresentationStyles\VS2013\icons\protevent.gif -&gt; C:\Users\Hdsp\Dropbox\CodigosPetroleos\InterfazVisualCris\RockStatic\RockStatic\Help\Working\Output\HtmlHelp1\icons\protevent.gif
C:\Program Files (x86)\EWSoftware\Sandcastle Help File Builder\PresentationStyles\VS2013\icons\protextension.gif -&gt; C:\Users\Hdsp\Dropbox\CodigosPetroleos\InterfazVisualCris\RockStatic\RockStatic\Help\Working\Output\HtmlHelp1\icons\protextension.gif
C:\Program Files (x86)\EWSoftware\Sandcastle Help File Builder\PresentationStyles\VS2013\icons\protfield.gif -&gt; C:\Users\Hdsp\Dropbox\CodigosPetroleos\InterfazVisualCris\RockStatic\RockStatic\Help\Working\Output\HtmlHelp1\icons\protfield.gif
C:\Program Files (x86)\EWSoftware\Sandcastle Help File Builder\PresentationStyles\VS2013\icons\protinterface.gif -&gt; C:\Users\Hdsp\Dropbox\CodigosPetroleos\InterfazVisualCris\RockStatic\RockStatic\Help\Working\Output\HtmlHelp1\icons\protinterface.gif
C:\Program Files (x86)\EWSoftware\Sandcastle Help File Builder\PresentationStyles\VS2013\icons\protmethod.gif -&gt; C:\Users\Hdsp\Dropbox\CodigosPetroleos\InterfazVisualCris\RockStatic\RockStatic\Help\Working\Output\HtmlHelp1\icons\protmethod.gif
C:\Program Files (x86)\EWSoftware\Sandcastle Help File Builder\PresentationStyles\VS2013\icons\protoperator.gif -&gt; C:\Users\Hdsp\Dropbox\CodigosPetroleos\InterfazVisualCris\RockStatic\RockStatic\Help\Working\Output\HtmlHelp1\icons\protoperator.gif
C:\Program Files (x86)\EWSoftware\Sandcastle Help File Builder\PresentationStyles\VS2013\icons\protproperty.gif -&gt; C:\Users\Hdsp\Dropbox\CodigosPetroleos\InterfazVisualCris\RockStatic\RockStatic\Help\Working\Output\HtmlHelp1\icons\protproperty.gif
C:\Program Files (x86)\EWSoftware\Sandcastle Help File Builder\PresentationStyles\VS2013\icons\protstructure.gif -&gt; C:\Users\Hdsp\Dropbox\CodigosPetroleos\InterfazVisualCris\RockStatic\RockStatic\Help\Working\Output\HtmlHelp1\icons\protstructure.gif
C:\Program Files (x86)\EWSoftware\Sandcastle Help File Builder\PresentationStyles\VS2013\icons\pubclass.gif -&gt; C:\Users\Hdsp\Dropbox\CodigosPetroleos\InterfazVisualCris\RockStatic\RockStatic\Help\Working\Output\HtmlHelp1\icons\pubclass.gif
C:\Program Files (x86)\EWSoftware\Sandcastle Help File Builder\PresentationStyles\VS2013\icons\pubdelegate.gif -&gt; C:\Users\Hdsp\Dropbox\CodigosPetroleos\InterfazVisualCris\RockStatic\RockStatic\Help\Working\Output\HtmlHelp1\icons\pubdelegate.gif
C:\Program Files (x86)\EWSoftware\Sandcastle Help File Builder\PresentationStyles\VS2013\icons\pubenumeration.gif -&gt; C:\Users\Hdsp\Dropbox\CodigosPetroleos\InterfazVisualCris\RockStatic\RockStatic\Help\Working\Output\HtmlHelp1\icons\pubenumeration.gif
C:\Program Files (x86)\EWSoftware\Sandcastle Help File Builder\PresentationStyles\VS2013\icons\pubevent.gif -&gt; C:\Users\Hdsp\Dropbox\CodigosPetroleos\InterfazVisualCris\RockStatic\RockStatic\Help\Working\Output\HtmlHelp1\icons\pubevent.gif
C:\Program Files (x86)\EWSoftware\Sandcastle Help File Builder\PresentationStyles\VS2013\icons\pubextension.gif -&gt; C:\Users\Hdsp\Dropbox\CodigosPetroleos\InterfazVisualCris\RockStatic\RockStatic\Help\Working\Output\HtmlHelp1\icons\pubextension.gif
C:\Program Files (x86)\EWSoftware\Sandcastle Help File Builder\PresentationStyles\VS2013\icons\pubfield.gif -&gt; C:\Users\Hdsp\Dropbox\CodigosPetroleos\InterfazVisualCris\RockStatic\RockStatic\Help\Working\Output\HtmlHelp1\icons\pubfield.gif
C:\Program Files (x86)\EWSoftware\Sandcastle Help File Builder\PresentationStyles\VS2013\icons\pubinterface.gif -&gt; C:\Users\Hdsp\Dropbox\CodigosPetroleos\InterfazVisualCris\RockStatic\RockStatic\Help\Working\Output\HtmlHelp1\icons\pubinterface.gif
C:\Program Files (x86)\EWSoftware\Sandcastle Help File Builder\PresentationStyles\VS2013\icons\pubmethod.gif -&gt; C:\Users\Hdsp\Dropbox\CodigosPetroleos\InterfazVisualCris\RockStatic\RockStatic\Help\Working\Output\HtmlHelp1\icons\pubmethod.gif
C:\Program Files (x86)\EWSoftware\Sandcastle Help File Builder\PresentationStyles\VS2013\icons\puboperator.gif -&gt; C:\Users\Hdsp\Dropbox\CodigosPetroleos\InterfazVisualCris\RockStatic\RockStatic\Help\Working\Output\HtmlHelp1\icons\puboperator.gif
C:\Program Files (x86)\EWSoftware\Sandcastle Help File Builder\PresentationStyles\VS2013\icons\pubproperty.gif -&gt; C:\Users\Hdsp\Dropbox\CodigosPetroleos\InterfazVisualCris\RockStatic\RockStatic\Help\Working\Output\HtmlHelp1\icons\pubproperty.gif
C:\Program Files (x86)\EWSoftware\Sandcastle Help File Builder\PresentationStyles\VS2013\icons\pubstructure.gif -&gt; C:\Users\Hdsp\Dropbox\CodigosPetroleos\InterfazVisualCris\RockStatic\RockStatic\Help\Working\Output\HtmlHelp1\icons\pubstructure.gif
C:\Program Files (x86)\EWSoftware\Sandcastle Help File Builder\PresentationStyles\VS2013\icons\SectionCollapsed.png -&gt; C:\Users\Hdsp\Dropbox\CodigosPetroleos\InterfazVisualCris\RockStatic\RockStatic\Help\Working\Output\HtmlHelp1\icons\SectionCollapsed.png
C:\Program Files (x86)\EWSoftware\Sandcastle Help File Builder\PresentationStyles\VS2013\icons\SectionExpanded.png -&gt; C:\Users\Hdsp\Dropbox\CodigosPetroleos\InterfazVisualCris\RockStatic\RockStatic\Help\Working\Output\HtmlHelp1\icons\SectionExpanded.png
C:\Program Files (x86)\EWSoftware\Sandcastle Help File Builder\PresentationStyles\VS2013\icons\slMobile.gif -&gt; C:\Users\Hdsp\Dropbox\CodigosPetroleos\InterfazVisualCris\RockStatic\RockStatic\Help\Working\Output\HtmlHelp1\icons\slMobile.gif
C:\Program Files (x86)\EWSoftware\Sandcastle Help File Builder\PresentationStyles\VS2013\icons\static.gif -&gt; C:\Users\Hdsp\Dropbox\CodigosPetroleos\InterfazVisualCris\RockStatic\RockStatic\Help\Working\Output\HtmlHelp1\icons\static.gif
C:\Program Files (x86)\EWSoftware\Sandcastle Help File Builder\PresentationStyles\VS2013\icons\xna.gif -&gt; C:\Users\Hdsp\Dropbox\CodigosPetroleos\InterfazVisualCris\RockStatic\RockStatic\Help\Working\Output\HtmlHelp1\icons\xna.gif
C:\Program Files (x86)\EWSoftware\Sandcastle Help File Builder\PresentationStyles\VS2013\scripts\branding.js -&gt; C:\Users\Hdsp\Dropbox\CodigosPetroleos\InterfazVisualCris\RockStatic\RockStatic\Help\Working\Output\HtmlHelp1\scripts\branding.js
C:\Program Files (x86)\EWSoftware\Sandcastle Help File Builder\PresentationStyles\VS2013\styles\branding-cs-CZ.css -&gt; C:\Users\Hdsp\Dropbox\CodigosPetroleos\InterfazVisualCris\RockStatic\RockStatic\Help\Working\Output\HtmlHelp1\styles\branding-cs-CZ.css
C:\Program Files (x86)\EWSoftware\Sandcastle Help File Builder\PresentationStyles\VS2013\styles\branding-de-DE.css -&gt; C:\Users\Hdsp\Dropbox\CodigosPetroleos\InterfazVisualCris\RockStatic\RockStatic\Help\Working\Output\HtmlHelp1\styles\branding-de-DE.css
C:\Program Files (x86)\EWSoftware\Sandcastle Help File Builder\PresentationStyles\VS2013\styles\branding-en-US.css -&gt; C:\Users\Hdsp\Dropbox\CodigosPetroleos\InterfazVisualCris\RockStatic\RockStatic\Help\Working\Output\HtmlHelp1\styles\branding-en-US.css
C:\Program Files (x86)\EWSoftware\Sandcastle Help File Builder\PresentationStyles\VS2013\styles\branding-es-ES.css -&gt; C:\Users\Hdsp\Dropbox\CodigosPetroleos\InterfazVisualCris\RockStatic\RockStatic\Help\Working\Output\HtmlHelp1\styles\branding-es-ES.css
C:\Program Files (x86)\EWSoftware\Sandcastle Help File Builder\PresentationStyles\VS2013\styles\branding-fr-FR.css -&gt; C:\Users\Hdsp\Dropbox\CodigosPetroleos\InterfazVisualCris\RockStatic\RockStatic\Help\Working\Output\HtmlHelp1\styles\branding-fr-FR.css
C:\Program Files (x86)\EWSoftware\Sandcastle Help File Builder\PresentationStyles\VS2013\styles\branding-Help1.css -&gt; C:\Users\Hdsp\Dropbox\CodigosPetroleos\InterfazVisualCris\RockStatic\RockStatic\Help\Working\Output\HtmlHelp1\styles\branding-Help1.css
C:\Program Files (x86)\EWSoftware\Sandcastle Help File Builder\PresentationStyles\VS2013\styles\branding-Help2.css -&gt; C:\Users\Hdsp\Dropbox\CodigosPetroleos\InterfazVisualCris\RockStatic\RockStatic\Help\Working\Output\HtmlHelp1\styles\branding-Help2.css
C:\Program Files (x86)\EWSoftware\Sandcastle Help File Builder\PresentationStyles\VS2013\styles\branding-HelpViewer.css -&gt; C:\Users\Hdsp\Dropbox\CodigosPetroleos\InterfazVisualCris\RockStatic\RockStatic\Help\Working\Output\HtmlHelp1\styles\branding-HelpViewer.css
C:\Program Files (x86)\EWSoftware\Sandcastle Help File Builder\PresentationStyles\VS2013\styles\branding-it-IT.css -&gt; C:\Users\Hdsp\Dropbox\CodigosPetroleos\InterfazVisualCris\RockStatic\RockStatic\Help\Working\Output\HtmlHelp1\styles\branding-it-IT.css
C:\Program Files (x86)\EWSoftware\Sandcastle Help File Builder\PresentationStyles\VS2013\styles\branding-ja-JP.css -&gt; C:\Users\Hdsp\Dropbox\CodigosPetroleos\InterfazVisualCris\RockStatic\RockStatic\Help\Working\Output\HtmlHelp1\styles\branding-ja-JP.css
C:\Program Files (x86)\EWSoftware\Sandcastle Help File Builder\PresentationStyles\VS2013\styles\branding-ko-KR.css -&gt; C:\Users\Hdsp\Dropbox\CodigosPetroleos\InterfazVisualCris\RockStatic\RockStatic\Help\Working\Output\HtmlHelp1\styles\branding-ko-KR.css
C:\Program Files (x86)\EWSoftware\Sandcastle Help File Builder\PresentationStyles\VS2013\styles\branding-pl-PL.css -&gt; C:\Users\Hdsp\Dropbox\CodigosPetroleos\InterfazVisualCris\RockStatic\RockStatic\Help\Working\Output\HtmlHelp1\styles\branding-pl-PL.css
C:\Program Files (x86)\EWSoftware\Sandcastle Help File Builder\PresentationStyles\VS2013\styles\branding-pt-BR.css -&gt; C:\Users\Hdsp\Dropbox\CodigosPetroleos\InterfazVisualCris\RockStatic\RockStatic\Help\Working\Output\HtmlHelp1\styles\branding-pt-BR.css
C:\Program Files (x86)\EWSoftware\Sandcastle Help File Builder\PresentationStyles\VS2013\styles\branding-ru-RU.css -&gt; C:\Users\Hdsp\Dropbox\CodigosPetroleos\InterfazVisualCris\RockStatic\RockStatic\Help\Working\Output\HtmlHelp1\styles\branding-ru-RU.css
C:\Program Files (x86)\EWSoftware\Sandcastle Help File Builder\PresentationStyles\VS2013\styles\branding-tr-TR.css -&gt; C:\Users\Hdsp\Dropbox\CodigosPetroleos\InterfazVisualCris\RockStatic\RockStatic\Help\Working\Output\HtmlHelp1\styles\branding-tr-TR.css
C:\Program Files (x86)\EWSoftware\Sandcastle Help File Builder\PresentationStyles\VS2013\styles\branding-Website.css -&gt; C:\Users\Hdsp\Dropbox\CodigosPetroleos\InterfazVisualCris\RockStatic\RockStatic\Help\Working\Output\HtmlHelp1\styles\branding-Website.css
C:\Program Files (x86)\EWSoftware\Sandcastle Help File Builder\PresentationStyles\VS2013\styles\branding-zh-CN.css -&gt; C:\Users\Hdsp\Dropbox\CodigosPetroleos\InterfazVisualCris\RockStatic\RockStatic\Help\Working\Output\HtmlHelp1\styles\branding-zh-CN.css
C:\Program Files (x86)\EWSoftware\Sandcastle Help File Builder\PresentationStyles\VS2013\styles\branding-zh-TW.css -&gt; C:\Users\Hdsp\Dropbox\CodigosPetroleos\InterfazVisualCris\RockStatic\RockStatic\Help\Working\Output\HtmlHelp1\styles\branding-zh-TW.css
C:\Program Files (x86)\EWSoftware\Sandcastle Help File Builder\PresentationStyles\VS2013\styles\branding.css -&gt; C:\Users\Hdsp\Dropbox\CodigosPetroleos\InterfazVisualCris\RockStatic\RockStatic\Help\Working\Output\HtmlHelp1\styles\branding.css
C:\Program Files (x86)\EWSoftware\Sandcastle Help File Builder\PresentationStyles\VS2013\icons\AlertCaution.png -&gt; C:\Users\Hdsp\Dropbox\CodigosPetroleos\InterfazVisualCris\RockStatic\RockStatic\Help\Working\Output\Website\icons\AlertCaution.png
C:\Program Files (x86)\EWSoftware\Sandcastle Help File Builder\PresentationStyles\VS2013\icons\AlertNote.png -&gt; C:\Users\Hdsp\Dropbox\CodigosPetroleos\InterfazVisualCris\RockStatic\RockStatic\Help\Working\Output\Website\icons\AlertNote.png
C:\Program Files (x86)\EWSoftware\Sandcastle Help File Builder\PresentationStyles\VS2013\icons\AlertSecurity.png -&gt; C:\Users\Hdsp\Dropbox\CodigosPetroleos\InterfazVisualCris\RockStatic\RockStatic\Help\Working\Output\Website\icons\AlertSecurity.png
C:\Program Files (x86)\EWSoftware\Sandcastle Help File Builder\PresentationStyles\VS2013\icons\CFW.gif -&gt; C:\Users\Hdsp\Dropbox\CodigosPetroleos\InterfazVisualCris\RockStatic\RockStatic\Help\Working\Output\Website\icons\CFW.gif
C:\Program Files (x86)\EWSoftware\Sandcastle Help File Builder\PresentationStyles\VS2013\icons\CodeExample.png -&gt; C:\Users\Hdsp\Dropbox\CodigosPetroleos\InterfazVisualCris\RockStatic\RockStatic\Help\Working\Output\Website\icons\CodeExample.png
C:\Program Files (x86)\EWSoftware\Sandcastle Help File Builder\PresentationStyles\VS2013\icons\favicon.ico -&gt; C:\Users\Hdsp\Dropbox\CodigosPetroleos\InterfazVisualCris\RockStatic\RockStatic\Help\Working\Output\Website\icons\favicon.ico
C:\Program Files (x86)\EWSoftware\Sandcastle Help File Builder\PresentationStyles\VS2013\icons\privclass.gif -&gt; C:\Users\Hdsp\Dropbox\CodigosPetroleos\InterfazVisualCris\RockStatic\RockStatic\Help\Working\Output\Website\icons\privclass.gif
C:\Program Files (x86)\EWSoftware\Sandcastle Help File Builder\PresentationStyles\VS2013\icons\privdelegate.gif -&gt; C:\Users\Hdsp\Dropbox\CodigosPetroleos\InterfazVisualCris\RockStatic\RockStatic\Help\Working\Output\Website\icons\privdelegate.gif
C:\Program Files (x86)\EWSoftware\Sandcastle Help File Builder\PresentationStyles\VS2013\icons\privenumeration.gif -&gt; C:\Users\Hdsp\Dropbox\CodigosPetroleos\InterfazVisualCris\RockStatic\RockStatic\Help\Working\Output\Website\icons\privenumeration.gif
C:\Program Files (x86)\EWSoftware\Sandcastle Help File Builder\PresentationStyles\VS2013\icons\privevent.gif -&gt; C:\Users\Hdsp\Dropbox\CodigosPetroleos\InterfazVisualCris\RockStatic\RockStatic\Help\Working\Output\Website\icons\privevent.gif
C:\Program Files (x86)\EWSoftware\Sandcastle Help File Builder\PresentationStyles\VS2013\icons\privextension.gif -&gt; C:\Users\Hdsp\Dropbox\CodigosPetroleos\InterfazVisualCris\RockStatic\RockStatic\Help\Working\Output\Website\icons\privextension.gif
C:\Program Files (x86)\EWSoftware\Sandcastle Help File Builder\PresentationStyles\VS2013\icons\privfield.gif -&gt; C:\Users\Hdsp\Dropbox\CodigosPetroleos\InterfazVisualCris\RockStatic\RockStatic\Help\Working\Output\Website\icons\privfield.gif
C:\Program Files (x86)\EWSoftware\Sandcastle Help File Builder\PresentationStyles\VS2013\icons\privinterface.gif -&gt; C:\Users\Hdsp\Dropbox\CodigosPetroleos\InterfazVisualCris\RockStatic\RockStatic\Help\Working\Output\Website\icons\privinterface.gif
C:\Program Files (x86)\EWSoftware\Sandcastle Help File Builder\PresentationStyles\VS2013\icons\privmethod.gif -&gt; C:\Users\Hdsp\Dropbox\CodigosPetroleos\InterfazVisualCris\RockStatic\RockStatic\Help\Working\Output\Website\icons\privmethod.gif
C:\Program Files (x86)\EWSoftware\Sandcastle Help File Builder\PresentationStyles\VS2013\icons\privproperty.gif -&gt; C:\Users\Hdsp\Dropbox\CodigosPetroleos\InterfazVisualCris\RockStatic\RockStatic\Help\Working\Output\Website\icons\privproperty.gif
C:\Program Files (x86)\EWSoftware\Sandcastle Help File Builder\PresentationStyles\VS2013\icons\privstructure.gif -&gt; C:\Users\Hdsp\Dropbox\CodigosPetroleos\InterfazVisualCris\RockStatic\RockStatic\Help\Working\Output\Website\icons\privstructure.gif
C:\Program Files (x86)\EWSoftware\Sandcastle Help File Builder\PresentationStyles\VS2013\icons\protclass.gif -&gt; C:\Users\Hdsp\Dropbox\CodigosPetroleos\InterfazVisualCris\RockStatic\RockStatic\Help\Working\Output\Website\icons\protclass.gif
C:\Program Files (x86)\EWSoftware\Sandcastle Help File Builder\PresentationStyles\VS2013\icons\protdelegate.gif -&gt; C:\Users\Hdsp\Dropbox\CodigosPetroleos\InterfazVisualCris\RockStatic\RockStatic\Help\Working\Output\Website\icons\protdelegate.gif
C:\Program Files (x86)\EWSoftware\Sandcastle Help File Builder\PresentationStyles\VS2013\icons\protenumeration.gif -&gt; C:\Users\Hdsp\Dropbox\CodigosPetroleos\InterfazVisualCris\RockStatic\RockStatic\Help\Working\Output\Website\icons\protenumeration.gif
C:\Program Files (x86)\EWSoftware\Sandcastle Help File Builder\PresentationStyles\VS2013\icons\protevent.gif -&gt; C:\Users\Hdsp\Dropbox\CodigosPetroleos\InterfazVisualCris\RockStatic\RockStatic\Help\Working\Output\Website\icons\protevent.gif
C:\Program Files (x86)\EWSoftware\Sandcastle Help File Builder\PresentationStyles\VS2013\icons\protextension.gif -&gt; C:\Users\Hdsp\Dropbox\CodigosPetroleos\InterfazVisualCris\RockStatic\RockStatic\Help\Working\Output\Website\icons\protextension.gif
C:\Program Files (x86)\EWSoftware\Sandcastle Help File Builder\PresentationStyles\VS2013\icons\protfield.gif -&gt; C:\Users\Hdsp\Dropbox\CodigosPetroleos\InterfazVisualCris\RockStatic\RockStatic\Help\Working\Output\Website\icons\protfield.gif
C:\Program Files (x86)\EWSoftware\Sandcastle Help File Builder\PresentationStyles\VS2013\icons\protinterface.gif -&gt; C:\Users\Hdsp\Dropbox\CodigosPetroleos\InterfazVisualCris\RockStatic\RockStatic\Help\Working\Output\Website\icons\protinterface.gif
C:\Program Files (x86)\EWSoftware\Sandcastle Help File Builder\PresentationStyles\VS2013\icons\protmethod.gif -&gt; C:\Users\Hdsp\Dropbox\CodigosPetroleos\InterfazVisualCris\RockStatic\RockStatic\Help\Working\Output\Website\icons\protmethod.gif
C:\Program Files (x86)\EWSoftware\Sandcastle Help File Builder\PresentationStyles\VS2013\icons\protoperator.gif -&gt; C:\Users\Hdsp\Dropbox\CodigosPetroleos\InterfazVisualCris\RockStatic\RockStatic\Help\Working\Output\Website\icons\protoperator.gif
C:\Program Files (x86)\EWSoftware\Sandcastle Help File Builder\PresentationStyles\VS2013\icons\protproperty.gif -&gt; C:\Users\Hdsp\Dropbox\CodigosPetroleos\InterfazVisualCris\RockStatic\RockStatic\Help\Working\Output\Website\icons\protproperty.gif
C:\Program Files (x86)\EWSoftware\Sandcastle Help File Builder\PresentationStyles\VS2013\icons\protstructure.gif -&gt; C:\Users\Hdsp\Dropbox\CodigosPetroleos\InterfazVisualCris\RockStatic\RockStatic\Help\Working\Output\Website\icons\protstructure.gif
C:\Program Files (x86)\EWSoftware\Sandcastle Help File Builder\PresentationStyles\VS2013\icons\pubclass.gif -&gt; C:\Users\Hdsp\Dropbox\CodigosPetroleos\InterfazVisualCris\RockStatic\RockStatic\Help\Working\Output\Website\icons\pubclass.gif
C:\Program Files (x86)\EWSoftware\Sandcastle Help File Builder\PresentationStyles\VS2013\icons\pubdelegate.gif -&gt; C:\Users\Hdsp\Dropbox\CodigosPetroleos\InterfazVisualCris\RockStatic\RockStatic\Help\Working\Output\Website\icons\pubdelegate.gif
C:\Program Files (x86)\EWSoftware\Sandcastle Help File Builder\PresentationStyles\VS2013\icons\pubenumeration.gif -&gt; C:\Users\Hdsp\Dropbox\CodigosPetroleos\InterfazVisualCris\RockStatic\RockStatic\Help\Working\Output\Website\icons\pubenumeration.gif
C:\Program Files (x86)\EWSoftware\Sandcastle Help File Builder\PresentationStyles\VS2013\icons\pubevent.gif -&gt; C:\Users\Hdsp\Dropbox\CodigosPetroleos\InterfazVisualCris\RockStatic\RockStatic\Help\Working\Output\Website\icons\pubevent.gif
C:\Program Files (x86)\EWSoftware\Sandcastle Help File Builder\PresentationStyles\VS2013\icons\pubextension.gif -&gt; C:\Users\Hdsp\Dropbox\CodigosPetroleos\InterfazVisualCris\RockStatic\RockStatic\Help\Working\Output\Website\icons\pubextension.gif
C:\Program Files (x86)\EWSoftware\Sandcastle Help File Builder\PresentationStyles\VS2013\icons\pubfield.gif -&gt; C:\Users\Hdsp\Dropbox\CodigosPetroleos\InterfazVisualCris\RockStatic\RockStatic\Help\Working\Output\Website\icons\pubfield.gif
C:\Program Files (x86)\EWSoftware\Sandcastle Help File Builder\PresentationStyles\VS2013\icons\pubinterface.gif -&gt; C:\Users\Hdsp\Dropbox\CodigosPetroleos\InterfazVisualCris\RockStatic\RockStatic\Help\Working\Output\Website\icons\pubinterface.gif
C:\Program Files (x86)\EWSoftware\Sandcastle Help File Builder\PresentationStyles\VS2013\icons\pubmethod.gif -&gt; C:\Users\Hdsp\Dropbox\CodigosPetroleos\InterfazVisualCris\RockStatic\RockStatic\Help\Working\Output\Website\icons\pubmethod.gif
C:\Program Files (x86)\EWSoftware\Sandcastle Help File Builder\PresentationStyles\VS2013\icons\puboperator.gif -&gt; C:\Users\Hdsp\Dropbox\CodigosPetroleos\InterfazVisualCris\RockStatic\RockStatic\Help\Working\Output\Website\icons\puboperator.gif
C:\Program Files (x86)\EWSoftware\Sandcastle Help File Builder\PresentationStyles\VS2013\icons\pubproperty.gif -&gt; C:\Users\Hdsp\Dropbox\CodigosPetroleos\InterfazVisualCris\RockStatic\RockStatic\Help\Working\Output\Website\icons\pubproperty.gif
C:\Program Files (x86)\EWSoftware\Sandcastle Help File Builder\PresentationStyles\VS2013\icons\pubstructure.gif -&gt; C:\Users\Hdsp\Dropbox\CodigosPetroleos\InterfazVisualCris\RockStatic\RockStatic\Help\Working\Output\Website\icons\pubstructure.gif
C:\Program Files (x86)\EWSoftware\Sandcastle Help File Builder\PresentationStyles\VS2013\icons\SectionCollapsed.png -&gt; C:\Users\Hdsp\Dropbox\CodigosPetroleos\InterfazVisualCris\RockStatic\RockStatic\Help\Working\Output\Website\icons\SectionCollapsed.png
C:\Program Files (x86)\EWSoftware\Sandcastle Help File Builder\PresentationStyles\VS2013\icons\SectionExpanded.png -&gt; C:\Users\Hdsp\Dropbox\CodigosPetroleos\InterfazVisualCris\RockStatic\RockStatic\Help\Working\Output\Website\icons\SectionExpanded.png
C:\Program Files (x86)\EWSoftware\Sandcastle Help File Builder\PresentationStyles\VS2013\icons\slMobile.gif -&gt; C:\Users\Hdsp\Dropbox\CodigosPetroleos\InterfazVisualCris\RockStatic\RockStatic\Help\Working\Output\Website\icons\slMobile.gif
C:\Program Files (x86)\EWSoftware\Sandcastle Help File Builder\PresentationStyles\VS2013\icons\static.gif -&gt; C:\Users\Hdsp\Dropbox\CodigosPetroleos\InterfazVisualCris\RockStatic\RockStatic\Help\Working\Output\Website\icons\static.gif
C:\Program Files (x86)\EWSoftware\Sandcastle Help File Builder\PresentationStyles\VS2013\icons\xna.gif -&gt; C:\Users\Hdsp\Dropbox\CodigosPetroleos\InterfazVisualCris\RockStatic\RockStatic\Help\Working\Output\Website\icons\xna.gif
C:\Program Files (x86)\EWSoftware\Sandcastle Help File Builder\PresentationStyles\VS2013\scripts\branding.js -&gt; C:\Users\Hdsp\Dropbox\CodigosPetroleos\InterfazVisualCris\RockStatic\RockStatic\Help\Working\Output\Website\scripts\branding.js
C:\Program Files (x86)\EWSoftware\Sandcastle Help File Builder\PresentationStyles\VS2013\styles\branding-cs-CZ.css -&gt; C:\Users\Hdsp\Dropbox\CodigosPetroleos\InterfazVisualCris\RockStatic\RockStatic\Help\Working\Output\Website\styles\branding-cs-CZ.css
C:\Program Files (x86)\EWSoftware\Sandcastle Help File Builder\PresentationStyles\VS2013\styles\branding-de-DE.css -&gt; C:\Users\Hdsp\Dropbox\CodigosPetroleos\InterfazVisualCris\RockStatic\RockStatic\Help\Working\Output\Website\styles\branding-de-DE.css
C:\Program Files (x86)\EWSoftware\Sandcastle Help File Builder\PresentationStyles\VS2013\styles\branding-en-US.css -&gt; C:\Users\Hdsp\Dropbox\CodigosPetroleos\InterfazVisualCris\RockStatic\RockStatic\Help\Working\Output\Website\styles\branding-en-US.css
C:\Program Files (x86)\EWSoftware\Sandcastle Help File Builder\PresentationStyles\VS2013\styles\branding-es-ES.css -&gt; C:\Users\Hdsp\Dropbox\CodigosPetroleos\InterfazVisualCris\RockStatic\RockStatic\Help\Working\Output\Website\styles\branding-es-ES.css
C:\Program Files (x86)\EWSoftware\Sandcastle Help File Builder\PresentationStyles\VS2013\styles\branding-fr-FR.css -&gt; C:\Users\Hdsp\Dropbox\CodigosPetroleos\InterfazVisualCris\RockStatic\RockStatic\Help\Working\Output\Website\styles\branding-fr-FR.css
C:\Program Files (x86)\EWSoftware\Sandcastle Help File Builder\PresentationStyles\VS2013\styles\branding-Help1.css -&gt; C:\Users\Hdsp\Dropbox\CodigosPetroleos\InterfazVisualCris\RockStatic\RockStatic\Help\Working\Output\Website\styles\branding-Help1.css
C:\Program Files (x86)\EWSoftware\Sandcastle Help File Builder\PresentationStyles\VS2013\styles\branding-Help2.css -&gt; C:\Users\Hdsp\Dropbox\CodigosPetroleos\InterfazVisualCris\RockStatic\RockStatic\Help\Working\Output\Website\styles\branding-Help2.css
C:\Program Files (x86)\EWSoftware\Sandcastle Help File Builder\PresentationStyles\VS2013\styles\branding-HelpViewer.css -&gt; C:\Users\Hdsp\Dropbox\CodigosPetroleos\InterfazVisualCris\RockStatic\RockStatic\Help\Working\Output\Website\styles\branding-HelpViewer.css
C:\Program Files (x86)\EWSoftware\Sandcastle Help File Builder\PresentationStyles\VS2013\styles\branding-it-IT.css -&gt; C:\Users\Hdsp\Dropbox\CodigosPetroleos\InterfazVisualCris\RockStatic\RockStatic\Help\Working\Output\Website\styles\branding-it-IT.css
C:\Program Files (x86)\EWSoftware\Sandcastle Help File Builder\PresentationStyles\VS2013\styles\branding-ja-JP.css -&gt; C:\Users\Hdsp\Dropbox\CodigosPetroleos\InterfazVisualCris\RockStatic\RockStatic\Help\Working\Output\Website\styles\branding-ja-JP.css
C:\Program Files (x86)\EWSoftware\Sandcastle Help File Builder\PresentationStyles\VS2013\styles\branding-ko-KR.css -&gt; C:\Users\Hdsp\Dropbox\CodigosPetroleos\InterfazVisualCris\RockStatic\RockStatic\Help\Working\Output\Website\styles\branding-ko-KR.css
C:\Program Files (x86)\EWSoftware\Sandcastle Help File Builder\PresentationStyles\VS2013\styles\branding-pl-PL.css -&gt; C:\Users\Hdsp\Dropbox\CodigosPetroleos\InterfazVisualCris\RockStatic\RockStatic\Help\Working\Output\Website\styles\branding-pl-PL.css
C:\Program Files (x86)\EWSoftware\Sandcastle Help File Builder\PresentationStyles\VS2013\styles\branding-pt-BR.css -&gt; C:\Users\Hdsp\Dropbox\CodigosPetroleos\InterfazVisualCris\RockStatic\RockStatic\Help\Working\Output\Website\styles\branding-pt-BR.css
C:\Program Files (x86)\EWSoftware\Sandcastle Help File Builder\PresentationStyles\VS2013\styles\branding-ru-RU.css -&gt; C:\Users\Hdsp\Dropbox\CodigosPetroleos\InterfazVisualCris\RockStatic\RockStatic\Help\Working\Output\Website\styles\branding-ru-RU.css
C:\Program Files (x86)\EWSoftware\Sandcastle Help File Builder\PresentationStyles\VS2013\styles\branding-tr-TR.css -&gt; C:\Users\Hdsp\Dropbox\CodigosPetroleos\InterfazVisualCris\RockStatic\RockStatic\Help\Working\Output\Website\styles\branding-tr-TR.css
C:\Program Files (x86)\EWSoftware\Sandcastle Help File Builder\PresentationStyles\VS2013\styles\branding-Website.css -&gt; C:\Users\Hdsp\Dropbox\CodigosPetroleos\InterfazVisualCris\RockStatic\RockStatic\Help\Working\Output\Website\styles\branding-Website.css
C:\Program Files (x86)\EWSoftware\Sandcastle Help File Builder\PresentationStyles\VS2013\styles\branding-zh-CN.css -&gt; C:\Users\Hdsp\Dropbox\CodigosPetroleos\InterfazVisualCris\RockStatic\RockStatic\Help\Working\Output\Website\styles\branding-zh-CN.css
C:\Program Files (x86)\EWSoftware\Sandcastle Help File Builder\PresentationStyles\VS2013\styles\branding-zh-TW.css -&gt; C:\Users\Hdsp\Dropbox\CodigosPetroleos\InterfazVisualCris\RockStatic\RockStatic\Help\Working\Output\Website\styles\branding-zh-TW.css
C:\Program Files (x86)\EWSoftware\Sandcastle Help File Builder\PresentationStyles\VS2013\styles\branding.css -&gt; C:\Users\Hdsp\Dropbox\CodigosPetroleos\InterfazVisualCris\RockStatic\RockStatic\Help\Working\Output\Website\styles\branding.css
C:\Program Files (x86)\EWSoftware\Sandcastle Help File Builder\PresentationStyles\VS2013\Web\index.html -&gt; C:\Users\Hdsp\Dropbox\CodigosPetroleos\InterfazVisualCris\RockStatic\RockStatic\Help\Working\Output\Website\index.html
C:\Program Files (x86)\EWSoftware\Sandcastle Help File Builder\PresentationStyles\VS2013\Web\search.html -&gt; C:\Users\Hdsp\Dropbox\CodigosPetroleos\InterfazVisualCris\RockStatic\RockStatic\Help\Working\Output\Website\search.html
C:\Program Files (x86)\EWSoftware\Sandcastle Help File Builder\PresentationStyles\VS2013\Web\SearchHelp.aspx -&gt; C:\Users\Hdsp\Dropbox\CodigosPetroleos\InterfazVisualCris\RockStatic\RockStatic\Help\Working\Output\Website\SearchHelp.aspx
C:\Program Files (x86)\EWSoftware\Sandcastle Help File Builder\PresentationStyles\VS2013\Web\SearchHelp.inc.php -&gt; C:\Users\Hdsp\Dropbox\CodigosPetroleos\InterfazVisualCris\RockStatic\RockStatic\Help\Working\Output\Website\SearchHelp.inc.php
C:\Program Files (x86)\EWSoftware\Sandcastle Help File Builder\PresentationStyles\VS2013\Web\SearchHelp.php -&gt; C:\Users\Hdsp\Dropbox\CodigosPetroleos\InterfazVisualCris\RockStatic\RockStatic\Help\Working\Output\Website\SearchHelp.php
C:\Program Files (x86)\EWSoftware\Sandcastle Help File Builder\PresentationStyles\VS2013\Web\Web.Config -&gt; C:\Users\Hdsp\Dropbox\CodigosPetroleos\InterfazVisualCris\RockStatic\RockStatic\Help\Working\Output\Website\Web.Config
C:\Program Files (x86)\EWSoftware\Sandcastle Help File Builder\PresentationStyles\VS2013\Web\icons\Search.png -&gt; C:\Users\Hdsp\Dropbox\CodigosPetroleos\InterfazVisualCris\RockStatic\RockStatic\Help\Working\Output\Website\icons\Search.png
C:\Program Files (x86)\EWSoftware\Sandcastle Help File Builder\PresentationStyles\VS2013\Web\icons\TocClose.gif -&gt; C:\Users\Hdsp\Dropbox\CodigosPetroleos\InterfazVisualCris\RockStatic\RockStatic\Help\Working\Output\Website\icons\TocClose.gif
C:\Program Files (x86)\EWSoftware\Sandcastle Help File Builder\PresentationStyles\VS2013\Web\icons\TocCollapsed.gif -&gt; C:\Users\Hdsp\Dropbox\CodigosPetroleos\InterfazVisualCris\RockStatic\RockStatic\Help\Working\Output\Website\icons\TocCollapsed.gif
C:\Program Files (x86)\EWSoftware\Sandcastle Help File Builder\PresentationStyles\VS2013\Web\icons\TocExpanded.gif -&gt; C:\Users\Hdsp\Dropbox\CodigosPetroleos\InterfazVisualCris\RockStatic\RockStatic\Help\Working\Output\Website\icons\TocExpanded.gif
C:\Program Files (x86)\EWSoftware\Sandcastle Help File Builder\PresentationStyles\VS2013\Web\icons\TocOpen.gif -&gt; C:\Users\Hdsp\Dropbox\CodigosPetroleos\InterfazVisualCris\RockStatic\RockStatic\Help\Working\Output\Website\icons\TocOpen.gif
C:\Program Files (x86)\EWSoftware\Sandcastle Help File Builder\PresentationStyles\VS2013\Web\scripts\branding-Website.js -&gt; C:\Users\Hdsp\Dropbox\CodigosPetroleos\InterfazVisualCris\RockStatic\RockStatic\Help\Working\Output\Website\scripts\branding-Website.js
C:\Program Files (x86)\EWSoftware\Sandcastle Help File Builder\PresentationStyles\VS2013\Web\scripts\jquery-1.11.0.min.js -&gt; C:\Users\Hdsp\Dropbox\CodigosPetroleos\InterfazVisualCris\RockStatic\RockStatic\Help\Working\Output\Website\scripts\jquery-1.11.0.min.js
    Last step completed in 00:00:06.8964
</buildStep>
<buildStep step="GenerateHelpFormatTableOfContents">
Generating HTML Help 1 table of contents file...
    Last step completed in 00:00:00.0030
</buildStep>
<buildStep step="GenerateHelpFileIndex">
Generating HTML Help 1 index file...
    Last step completed in 00:00:00.0020
</buildStep>
<buildStep step="GenerateHelpProject">
Generating HTML Help 1 project file...
    Last step completed in 00:00:00.0100
</buildStep>
<buildStep step="CompilingHelpFile">
Compiling HTML Help 1 file...
[C:\Windows\Microsoft.NET\Framework64\v4.0.30319\MSBuild.exe]
  Microsoft HTML Help Compiler 4.74.8702
  
  
  
  Compiling c:\Users\Hdsp\Dropbox\CodigosPetroleos\InterfazVisualCris\RockStatic\RockStatic\Help\Working\Output\HtmlHelp1\Documentacion de Desarrollo.chm
  
  
  
  
  
  Compile time: 0 minutes, 17 seconds
  
  463	Topics
  
  4,610	Local links
  
  38,406	Internet links
  
  0	Graphics
  
  
  
  
  
  Created c:\Users\Hdsp\Dropbox\CodigosPetroleos\InterfazVisualCris\RockStatic\RockStatic\Help\Working\Output\HtmlHelp1\Documentacion de Desarrollo.chm, 1,416,780 bytes
  
  Compression decreased file by 9,691,656 bytes.
  
    Last step completed in 00:00:26.1235
</buildStep>
<buildStep step="GenerateHelpFormatTableOfContents">
Generating website table of contents file...
    Last step completed in 00:00:00.0040
</buildStep>
<buildStep step="GenerateFullTextIndex">
Generating full-text index for the website...

<plugIn name="Lightweight Website Style" behavior="After" priority="1000">
Adding lightweight search and TOC elements to each topic...
</plugIn>    Last step completed in 00:00:29.1667
</buildStep>
<buildStep step="CopyingWebsiteFiles">
Copying website files to output folder...

Copied 100 files
Copied 200 files
Copied 300 files
Copied 400 files
Copied 500 files
Copied 600 files
Copied 670 files for the website content
    Last step completed in 00:00:02.0601
</buildStep>
<buildStep step="CleanIntermediates">
Removing intermediate files...
    Last step completed in 00:00:00.5750
</buildStep>
<buildStep step="Completed">

Build completed successfully at 29/08/2016 02:40:30 p.m..  Total time: 00:02:51.9198

</buildStep>
</shfbBuild>
